Log file open, 01/31/20 22:57:51
LogWindows: Failed to load 'aqProf.dll' (GetLastError=126)
LogWindows: File 'aqProf.dll' does not exist
LogWindows: Failed to load 'VtuneApi.dll' (GetLastError=126)
LogWindows: File 'VtuneApi.dll' does not exist
LogWindows: Failed to load 'VtuneApi32e.dll' (GetLastError=126)
LogWindows: File 'VtuneApi32e.dll' does not exist
LogConsoleResponse: Display: Failed to find resolution value strings in scalability ini. Falling back to default.
LogInit: Display: Running engine for game: BumperCars
LogPlatformFile: Not using cached read wrapper
LogTaskGraph: Started task graph with 5 named threads and 23 total threads with 3 sets of task threads.
LogStats: Stats thread started at 0.148560
LogD3D11RHI: Loaded GFSDK_Aftermath_Lib.x64.dll
LogICUInternationalization: ICU TimeZone Detection - Raw Offset: +1:00, Platform Override: ''
LogPluginManager: Mounting plugin Paper2D
LogPluginManager: Mounting plugin AISupport
LogPluginManager: Mounting plugin LightPropagationVolume
LogPluginManager: Mounting plugin ActorLayerUtilities
LogPluginManager: Mounting plugin AnimationSharing
LogPluginManager: Mounting plugin CLionSourceCodeAccess
LogPluginManager: Mounting plugin CodeLiteSourceCodeAccess
LogPluginManager: Mounting plugin GitSourceControl
LogPluginManager: Mounting plugin KDevelopSourceCodeAccess
LogPluginManager: Mounting plugin NullSourceCodeAccess
LogPluginManager: Mounting plugin PerforceSourceControl
LogPluginManager: Mounting plugin PlasticSourceControl
LogPluginManager: Mounting plugin SubversionSourceControl
LogPluginManager: Mounting plugin UObjectPlugin
LogPluginManager: Mounting plugin VisualStudioCodeSourceCodeAccess
LogPluginManager: Mounting plugin VisualStudioSourceCodeAccess
LogPluginManager: Mounting plugin XCodeSourceCodeAccess
LogPluginManager: Mounting plugin AssetManagerEditor
LogPluginManager: Mounting plugin CryptoKeys
LogPluginManager: Mounting plugin CurveEditorTools
LogPluginManager: Mounting plugin DataValidation
LogPluginManager: Mounting plugin FacialAnimation
LogPluginManager: Mounting plugin GameplayTagsEditor
LogPluginManager: Mounting plugin MacGraphicsSwitching
LogPluginManager: Mounting plugin MaterialAnalyzer
LogPluginManager: Mounting plugin MobileLauncherProfileWizard
LogPluginManager: Mounting plugin PluginBrowser
LogPluginManager: Mounting plugin SpeedTreeImporter
LogPluginManager: Mounting plugin DatasmithContent
LogPluginManager: Mounting plugin VariantManagerContent
LogPluginManager: Mounting plugin AlembicImporter
LogPluginManager: Mounting plugin AutomationUtils
LogPluginManager: Mounting plugin BackChannel
LogPluginManager: Mounting plugin CharacterAI
LogPluginManager: Mounting plugin GeometryCache
LogPluginManager: Mounting plugin PlatformCrypto
LogPluginManager: Mounting plugin ProxyLODPlugin
LogPluginManager: Mounting plugin SkeletalReduction
LogPluginManager: Mounting plugin MagicLeap
LogPluginManager: Mounting plugin MagicLeapMedia
LogPluginManager: Mounting plugin MLSDK
LogPluginManager: Mounting plugin AndroidMedia
LogPluginManager: Mounting plugin AvfMedia
LogPluginManager: Mounting plugin ImgMedia
LogPluginManager: Mounting plugin MediaCompositing
LogPluginManager: Mounting plugin MediaPlayerEditor
LogPluginManager: Mounting plugin WebMMedia
LogPluginManager: Mounting plugin WmfMedia
LogPluginManager: Mounting plugin TcpMessaging
LogPluginManager: Mounting plugin UdpMessaging
LogPluginManager: Mounting plugin ActorSequence
LogPluginManager: Mounting plugin LevelSequenceEditor
LogPluginManager: Mounting plugin MatineeToLevelSequence
LogPluginManager: Mounting plugin NetcodeUnitTest
LogPluginManager: Mounting plugin NUTUnrealEngine4
LogPluginManager: Mounting plugin OnlineSubsystemGooglePlay
LogPluginManager: Mounting plugin OnlineSubsystemIOS
LogPluginManager: Mounting plugin OnlineSubsystem
LogPluginManager: Mounting plugin OnlineSubsystemNull
LogPluginManager: Mounting plugin OnlineSubsystemUtils
LogPluginManager: Mounting plugin LauncherChunkInstaller
LogPluginManager: Mounting plugin AndroidDeviceProfileSelector
LogPluginManager: Mounting plugin AndroidMoviePlayer
LogPluginManager: Mounting plugin AndroidPermission
LogPluginManager: Mounting plugin AppleImageUtils
LogPluginManager: Mounting plugin AppleMoviePlayer
LogPluginManager: Mounting plugin ArchVisCharacter
LogPluginManager: Mounting plugin AssetTags
LogPluginManager: Mounting plugin AudioCapture
LogPluginManager: Mounting plugin CableComponent
LogPluginManager: Mounting plugin CustomMeshComponent
LogPluginManager: Mounting plugin EditableMesh
LogPluginManager: Mounting plugin ExampleDeviceProfileSelector
LogPluginManager: Mounting plugin GoogleCloudMessaging
LogPluginManager: Mounting plugin IOSDeviceProfileSelector
LogPluginManager: Mounting plugin LinuxDeviceProfileSelector
LogPluginManager: Mounting plugin LocationServicesBPLibrary
LogPluginManager: Mounting plugin MobilePatchingUtils
LogPluginManager: Mounting plugin OculusVR
LogPluginManager: Mounting plugin PhysXVehicles
LogPluginManager: Mounting plugin PostSplashScreen
LogPluginManager: Mounting plugin ProceduralMeshComponent
LogPluginManager: Mounting plugin RuntimePhysXCooking
LogPluginManager: Mounting plugin SignificanceManager
LogPluginManager: Mounting plugin SteamVR
LogPluginManager: Mounting plugin WebMMoviePlayer
LogPluginManager: Mounting plugin WindowsMoviePlayer
LogPluginManager: Mounting plugin ScreenshotTools
LogInit: Using libcurl 7.55.1-DEV
LogInit:  - built for x86_64-pc-win32
LogInit:  - supports SSL with OpenSSL/1.1.1
LogInit:  - supports HTTP deflate (compression) using libz 1.2.8
LogInit:  - other features:
LogInit:      CURL_VERSION_SSL
LogInit:      CURL_VERSION_LIBZ
LogInit:      CURL_VERSION_IPV6
LogInit:      CURL_VERSION_ASYNCHDNS
LogInit:      CURL_VERSION_LARGEFILE
LogInit:      CURL_VERSION_IDN
LogInit:  CurlRequestOptions (configurable via config and command line):
LogInit:  - bVerifyPeer = true  - Libcurl will verify peer certificate
LogInit:  - bUseHttpProxy = false  - Libcurl will NOT use HTTP proxy
LogInit:  - bDontReuseConnections = false  - Libcurl will reuse connections
LogInit:  - MaxHostConnections = 16  - Libcurl will limit the number of connections to a host
LogInit:  - LocalHostAddr = Default
LogInit:  - BufferSize = 65536
LogOnline: OSS: Creating online subsystem instance for: NULL
LogInit: WinSock: version 1.1 (2.2), MaxSocks=32767, MaxUdp=65467
LogOnline: OSS: TryLoadSubsystemAndSetDefault: Loaded subsystem for module [NULL]
LogInit: Build: ++UE4+Release-4.24-CL-11100242
LogInit: Engine Version: 4.24.2-11100242+++UE4+Release-4.24
LogInit: Compatible Engine Version: 4.24.0-10570792+++UE4+Release-4.24
LogInit: Net CL: 10570792
LogInit: OS: Windows 10 (Release 1903) (), CPU: Intel(R) Core(TM) i7-4720HQ CPU @ 2.60GHz, GPU: Intel(R) HD Graphics 4600
LogInit: Compiled (64-bit): Jan 24 2020 02:05:53
LogInit: Compiled with Visual C++: 19.16.27032.01
LogInit: Build Configuration: Development
LogInit: Branch Name: ++UE4+Release-4.24
LogInit: Command Line:  -EpicPortal -epicusername=SPepels -epicuserid=44d8fbbaba794e0b87aad5256e4e6a26 -epiclocale=en-GB
LogInit: Base Directory: C:/Program Files/Epic Games/UE_4.24/Engine/Binaries/Win64/
LogInit: Installed Engine Build: 1
LogDevObjectVersion: Number of dev versions registered: 25
LogDevObjectVersion:   Dev-Blueprints (B0D832E4-1F89-4F0D-ACCF-7EB736FD4AA2): 10
LogDevObjectVersion:   Dev-Build (E1C64328-A22C-4D53-A36C-8E866417BD8C): 0
LogDevObjectVersion:   Dev-Core (375EC13C-06E4-48FB-B500-84F0262A717E): 3
LogDevObjectVersion:   Dev-Editor (E4B068ED-F494-42E9-A231-DA0B2E46BB41): 37
LogDevObjectVersion:   Dev-Framework (CFFC743F-43B0-4480-9391-14DF171D2073): 36
LogDevObjectVersion:   Dev-Mobile (B02B49B5-BB20-44E9-A304-32B752E40360): 2
LogDevObjectVersion:   Dev-Networking (A4E4105C-59A1-49B5-A7C5-40C4547EDFEE): 0
LogDevObjectVersion:   Dev-Online (39C831C9-5AE6-47DC-9A44-9C173E1C8E7C): 0
LogDevObjectVersion:   Dev-Physics (78F01B33-EBEA-4F98-B9B4-84EACCB95AA2): 2
LogDevObjectVersion:   Dev-Platform (6631380F-2D4D-43E0-8009-CF276956A95A): 0
LogDevObjectVersion:   Dev-Rendering (12F88B9F-8875-4AFC-A67C-D90C383ABD29): 36
LogDevObjectVersion:   Dev-Sequencer (7B5AE74C-D270-4C10-A958-57980B212A5A): 11
LogDevObjectVersion:   Dev-VR (D7296918-1DD6-4BDD-9DE2-64A83CC13884): 2
LogDevObjectVersion:   Dev-LoadTimes (C2A15278-BFE7-4AFE-6C17-90FF531DF755): 1
LogDevObjectVersion:   Private-Geometry (6EACA3D4-40EC-4CC1-B786-8BED09428FC5): 3
LogDevObjectVersion:   Dev-AnimPhys (29E575DD-E0A3-4627-9D10-D276232CDCEA): 17
LogDevObjectVersion:   Dev-Anim (AF43A65D-7FD3-4947-9873-3E8ED9C1BB05): 2
LogDevObjectVersion:   Dev-ReflectionCapture (6B266CEC-1EC7-4B8F-A30B-E4D90942FC07): 1
LogDevObjectVersion:   Dev-Automation (0DF73D61-A23F-47EA-B727-89E90C41499A): 1
LogDevObjectVersion:   FortniteMain (601D1886-AC64-4F84-AA16-D3DE0DEAC7D6): 31
LogDevObjectVersion:   Dev-Enterprise (9DFFBCD6-494F-0158-E221-12823C92A888): 8
LogDevObjectVersion:   Dev-Niagara (F2AED0AC-9AFE-416F-8664-AA7FFA26D6FC): 1
LogDevObjectVersion:   Dev-Destruction (174F1F0B-B4C6-45A5-B13F-2EE8D0FB917D): 9
LogDevObjectVersion:   Dev-Physics-Ext (35F94A83-E258-406C-A318-09F59610247C): 8
LogDevObjectVersion:   Dev-CineCamera (B2E18506-4273-CFC2-A54E-F4BB758BBA07): 1
LogInit: Presizing for max 25165824 objects, including 0 objects not considered by GC, pre-allocating 0 bytes for permanent pool.
LogInit: Object subsystem initialized
LogConfig: Setting CVar [[con.DebugEarlyDefault:1]]
LogConfig: Setting CVar [[r.setres:1280x720]]
[2020.01.31-21.57.52:466][  0]LogConfig: Setting CVar [[r.VSync:0]]
[2020.01.31-21.57.52:466][  0]LogConfig: Setting CVar [[r.RHICmdBypass:0]]
[2020.01.31-21.57.52:466][  0]LogConfig: Applying CVar settings from Section [/Script/Engine.RendererSettings] File [D:/GGJ2020/BUAS-Houdini-Powerhouse-GGJ2020/Unreal/BumperCars/Saved/Config/Windows/Engine.ini]
[2020.01.31-21.57.52:466][  0]LogConfig: Setting CVar [[r.GPUCrashDebugging:0]]
[2020.01.31-21.57.52:466][  0]LogConfig: Applying CVar settings from Section [/Script/Engine.RendererOverrideSettings] File [D:/GGJ2020/BUAS-Houdini-Powerhouse-GGJ2020/Unreal/BumperCars/Saved/Config/Windows/Engine.ini]
[2020.01.31-21.57.52:466][  0]LogConfig: Applying CVar settings from Section [/Script/Engine.StreamingSettings] File [D:/GGJ2020/BUAS-Houdini-Powerhouse-GGJ2020/Unreal/BumperCars/Saved/Config/Windows/Engine.ini]
[2020.01.31-21.57.52:466][  0]LogConfig: Setting CVar [[s.MinBulkDataSizeForAsyncLoading:131072]]
[2020.01.31-21.57.52:466][  0]LogConfig: Setting CVar [[s.AsyncLoadingThreadEnabled:0]]
[2020.01.31-21.57.52:466][  0]LogConfig: Setting CVar [[s.EventDrivenLoaderEnabled:1]]
[2020.01.31-21.57.52:466][  0]LogConfig: Setting CVar [[s.WarnIfTimeLimitExceeded:0]]
[2020.01.31-21.57.52:466][  0]LogConfig: Setting CVar [[s.TimeLimitExceededMultiplier:1.5]]
[2020.01.31-21.57.52:466][  0]LogConfig: Setting CVar [[s.TimeLimitExceededMinTime:0.005]]
[2020.01.31-21.57.52:466][  0]LogConfig: Setting CVar [[s.UseBackgroundLevelStreaming:1]]
[2020.01.31-21.57.52:466][  0]LogConfig: Setting CVar [[s.PriorityAsyncLoadingExtraTime:15.0]]
[2020.01.31-21.57.52:466][  0]LogConfig: Setting CVar [[s.LevelStreamingActorsUpdateTimeLimit:5.0]]
[2020.01.31-21.57.52:466][  0]LogConfig: Setting CVar [[s.PriorityLevelStreamingActorsUpdateExtraTime:5.0]]
[2020.01.31-21.57.52:466][  0]LogConfig: Setting CVar [[s.LevelStreamingComponentsRegistrationGranularity:10]]
[2020.01.31-21.57.52:466][  0]LogConfig: Setting CVar [[s.UnregisterComponentsTimeLimit:1.0]]
[2020.01.31-21.57.52:466][  0]LogConfig: Setting CVar [[s.LevelStreamingComponentsUnregistrationGranularity:5]]
[2020.01.31-21.57.52:466][  0]LogConfig: Setting CVar [[s.FlushStreamingOnExit:1]]
[2020.01.31-21.57.52:466][  0]LogConfig: Applying CVar settings from Section [/Script/Engine.GarbageCollectionSettings] File [D:/GGJ2020/BUAS-Houdini-Powerhouse-GGJ2020/Unreal/BumperCars/Saved/Config/Windows/Engine.ini]
[2020.01.31-21.57.52:466][  0]LogConfig: Setting CVar [[gc.MaxObjectsNotConsideredByGC:1]]
[2020.01.31-21.57.52:467][  0]LogConfig: Setting CVar [[gc.SizeOfPermanentObjectPool:0]]
[2020.01.31-21.57.52:467][  0]LogConfig: Setting CVar [[gc.FlushStreamingOnGC:0]]
[2020.01.31-21.57.52:467][  0]LogConfig: Setting CVar [[gc.NumRetriesBeforeForcingGC:10]]
[2020.01.31-21.57.52:467][  0]LogConfig: Setting CVar [[gc.AllowParallelGC:1]]
[2020.01.31-21.57.52:467][  0]LogConfig: Setting CVar [[gc.TimeBetweenPurgingPendingKillObjects:61.1]]
[2020.01.31-21.57.52:467][  0]LogConfig: Setting CVar [[gc.MaxObjectsInEditor:25165824]]
[2020.01.31-21.57.52:467][  0]LogConfig: Setting CVar [[gc.IncrementalBeginDestroyEnabled:1]]
[2020.01.31-21.57.52:467][  0]LogConfig: Setting CVar [[gc.CreateGCClusters:1]]
[2020.01.31-21.57.52:467][  0]LogConfig: Setting CVar [[gc.MinGCClusterSize:5]]
[2020.01.31-21.57.52:467][  0]LogConfig: Setting CVar [[gc.ActorClusteringEnabled:0]]
[2020.01.31-21.57.52:467][  0]LogConfig: Setting CVar [[gc.BlueprintClusteringEnabled:0]]
[2020.01.31-21.57.52:467][  0]LogConfig: Setting CVar [[gc.UseDisregardForGCOnDedicatedServers:0]]
[2020.01.31-21.57.52:467][  0]LogConfig: Applying CVar settings from Section [/Script/Engine.NetworkSettings] File [D:/GGJ2020/BUAS-Houdini-Powerhouse-GGJ2020/Unreal/BumperCars/Saved/Config/Windows/Engine.ini]
[2020.01.31-21.57.52:467][  0]LogConfig: Applying CVar settings from Section [/Script/UnrealEd.CookerSettings] File [D:/GGJ2020/BUAS-Houdini-Powerhouse-GGJ2020/Unreal/BumperCars/Saved/Config/Windows/Engine.ini]
[2020.01.31-21.57.52:477][  0]LogConfig: Applying CVar settings from Section [ViewDistanceQuality@3] File [D:/GGJ2020/BUAS-Houdini-Powerhouse-GGJ2020/Unreal/BumperCars/Saved/Config/Windows/Scalability.ini]
[2020.01.31-21.57.52:477][  0]LogConfig: Setting CVar [[r.SkeletalMeshLODBias:0]]
[2020.01.31-21.57.52:477][  0]LogConfig: Setting CVar [[r.ViewDistanceScale:1.0]]
[2020.01.31-21.57.52:477][  0]LogConfig: Applying CVar settings from Section [AntiAliasingQuality@3] File [D:/GGJ2020/BUAS-Houdini-Powerhouse-GGJ2020/Unreal/BumperCars/Saved/Config/Windows/Scalability.ini]
[2020.01.31-21.57.52:477][  0]LogConfig: Setting CVar [[r.PostProcessAAQuality:4]]
[2020.01.31-21.57.52:477][  0]LogConfig: Applying CVar settings from Section [ShadowQuality@3] File [D:/GGJ2020/BUAS-Houdini-Powerhouse-GGJ2020/Unreal/BumperCars/Saved/Config/Windows/Scalability.ini]
[2020.01.31-21.57.52:477][  0]LogConfig: Setting CVar [[r.LightFunctionQuality:1]]
[2020.01.31-21.57.52:477][  0]LogConfig: Setting CVar [[r.ShadowQuality:5]]
[2020.01.31-21.57.52:477][  0]LogConfig: Setting CVar [[r.Shadow.CSM.MaxCascades:10]]
[2020.01.31-21.57.52:477][  0]LogConfig: Setting CVar [[r.Shadow.MaxResolution:2048]]
[2020.01.31-21.57.52:477][  0]LogConfig: Setting CVar [[r.Shadow.MaxCSMResolution:2048]]
[2020.01.31-21.57.52:477][  0]LogConfig: Setting CVar [[r.Shadow.RadiusThreshold:0.01]]
[2020.01.31-21.57.52:477][  0]LogConfig: Setting CVar [[r.Shadow.DistanceScale:1.0]]
[2020.01.31-21.57.52:477][  0]LogConfig: Setting CVar [[r.Shadow.CSM.TransitionScale:1.0]]
[2020.01.31-21.57.52:477][  0]LogConfig: Setting CVar [[r.Shadow.PreShadowResolutionFactor:1.0]]
[2020.01.31-21.57.52:477][  0]LogConfig: Setting CVar [[r.DistanceFieldShadowing:1]]
[2020.01.31-21.57.52:477][  0]LogConfig: Setting CVar [[r.DistanceFieldAO:1]]
[2020.01.31-21.57.52:477][  0]LogConfig: Setting CVar [[r.AOQuality:2]]
[2020.01.31-21.57.52:477][  0]LogConfig: Setting CVar [[r.VolumetricFog:1]]
[2020.01.31-21.57.52:477][  0]LogConfig: Setting CVar [[r.VolumetricFog.GridPixelSize:8]]
[2020.01.31-21.57.52:477][  0]LogConfig: Setting CVar [[r.VolumetricFog.GridSizeZ:128]]
[2020.01.31-21.57.52:477][  0]LogConfig: Setting CVar [[r.VolumetricFog.HistoryMissSupersampleCount:4]]
[2020.01.31-21.57.52:477][  0]LogConfig: Setting CVar [[r.LightMaxDrawDistanceScale:1]]
[2020.01.31-21.57.52:477][  0]LogConfig: Setting CVar [[r.CapsuleShadows:1]]
[2020.01.31-21.57.52:477][  0]LogConfig: Applying CVar settings from Section [PostProcessQuality@3] File [D:/GGJ2020/BUAS-Houdini-Powerhouse-GGJ2020/Unreal/BumperCars/Saved/Config/Windows/Scalability.ini]
[2020.01.31-21.57.52:477][  0]LogConfig: Setting CVar [[r.MotionBlurQuality:4]]
[2020.01.31-21.57.52:478][  0]LogConfig: Setting CVar [[r.AmbientOcclusionMipLevelFactor:0.4]]
[2020.01.31-21.57.52:478][  0]LogConfig: Setting CVar [[r.AmbientOcclusionMaxQuality:100]]
[2020.01.31-21.57.52:478][  0]LogConfig: Setting CVar [[r.AmbientOcclusionLevels:-1]]
[2020.01.31-21.57.52:478][  0]LogConfig: Setting CVar [[r.AmbientOcclusionRadiusScale:1.0]]
[2020.01.31-21.57.52:478][  0]LogConfig: Setting CVar [[r.DepthOfFieldQuality:2]]
[2020.01.31-21.57.52:478][  0]LogConfig: Setting CVar [[r.RenderTargetPoolMin:400]]
[2020.01.31-21.57.52:478][  0]LogConfig: Setting CVar [[r.LensFlareQuality:2]]
[2020.01.31-21.57.52:478][  0]LogConfig: Setting CVar [[r.SceneColorFringeQuality:1]]
[2020.01.31-21.57.52:478][  0]LogConfig: Setting CVar [[r.EyeAdaptationQuality:2]]
[2020.01.31-21.57.52:478][  0]LogConfig: Setting CVar [[r.BloomQuality:5]]
[2020.01.31-21.57.52:478][  0]LogConfig: Setting CVar [[r.FastBlurThreshold:100]]
[2020.01.31-21.57.52:478][  0]LogConfig: Setting CVar [[r.Upscale.Quality:3]]
[2020.01.31-21.57.52:478][  0]LogConfig: Setting CVar [[r.Tonemapper.GrainQuantization:1]]
[2020.01.31-21.57.52:478][  0]LogConfig: Setting CVar [[r.LightShaftQuality:1]]
[2020.01.31-21.57.52:478][  0]LogConfig: Setting CVar [[r.Filter.SizeScale:1]]
[2020.01.31-21.57.52:478][  0]LogConfig: Setting CVar [[r.Tonemapper.Quality:5]]
[2020.01.31-21.57.52:478][  0]LogConfig: Setting CVar [[r.DOF.Gather.AccumulatorQuality:1        ; higher gathering accumulator quality]]
[2020.01.31-21.57.52:478][  0]LogConfig: Setting CVar [[r.DOF.Gather.PostfilterMethod:1          ; Median3x3 postfilering method]]
[2020.01.31-21.57.52:478][  0]LogConfig: Setting CVar [[r.DOF.Gather.EnableBokehSettings:0       ; no bokeh simulation when gathering]]
[2020.01.31-21.57.52:478][  0]LogConfig: Setting CVar [[r.DOF.Gather.RingCount:4                 ; medium number of samples when gathering]]
[2020.01.31-21.57.52:478][  0]LogConfig: Setting CVar [[r.DOF.Scatter.ForegroundCompositing:1    ; additive foreground scattering]]
[2020.01.31-21.57.52:478][  0]LogConfig: Setting CVar [[r.DOF.Scatter.BackgroundCompositing:2    ; additive background scattering]]
[2020.01.31-21.57.52:478][  0]LogConfig: Setting CVar [[r.DOF.Scatter.EnableBokehSettings:1      ; bokeh simulation when scattering]]
[2020.01.31-21.57.52:478][  0]LogConfig: Setting CVar [[r.DOF.Scatter.MaxSpriteRatio:0.1         ; only a maximum of 10% of scattered bokeh]]
[2020.01.31-21.57.52:478][  0]LogConfig: Setting CVar [[r.DOF.Recombine.Quality:1                ; cheap slight out of focus]]
[2020.01.31-21.57.52:478][  0]LogConfig: Setting CVar [[r.DOF.Recombine.EnableBokehSettings:0    ; no bokeh simulation on slight out of focus]]
[2020.01.31-21.57.52:478][  0]LogConfig: Setting CVar [[r.DOF.TemporalAAQuality:1                ; more stable temporal accumulation]]
[2020.01.31-21.57.52:478][  0]LogConfig: Setting CVar [[r.DOF.Kernel.MaxForegroundRadius:0.025]]
[2020.01.31-21.57.52:478][  0]LogConfig: Setting CVar [[r.DOF.Kernel.MaxBackgroundRadius:0.025]]
[2020.01.31-21.57.52:478][  0]LogConfig: Applying CVar settings from Section [TextureQuality@3] File [D:/GGJ2020/BUAS-Houdini-Powerhouse-GGJ2020/Unreal/BumperCars/Saved/Config/Windows/Scalability.ini]
[2020.01.31-21.57.52:478][  0]LogConfig: Setting CVar [[r.Streaming.MipBias:0]]
[2020.01.31-21.57.52:478][  0]LogConfig: Setting CVar [[r.Streaming.AmortizeCPUToGPUCopy:0]]
[2020.01.31-21.57.52:478][  0]LogConfig: Setting CVar [[r.Streaming.MaxNumTexturesToStreamPerFrame:0]]
[2020.01.31-21.57.52:478][  0]LogConfig: Setting CVar [[r.Streaming.Boost:1]]
[2020.01.31-21.57.52:478][  0]LogConfig: Setting CVar [[r.MaxAnisotropy:8]]
[2020.01.31-21.57.52:478][  0]LogConfig: Setting CVar [[r.VT.MaxAnisotropy:8]]
[2020.01.31-21.57.52:478][  0]LogConfig: Setting CVar [[r.Streaming.LimitPoolSizeToVRAM:0]]
[2020.01.31-21.57.52:478][  0]LogConfig: Setting CVar [[r.Streaming.PoolSize:1000]]
[2020.01.31-21.57.52:478][  0]LogConfig: Setting CVar [[r.Streaming.MaxEffectiveScreenSize:0]]
[2020.01.31-21.57.52:478][  0]LogConfig: Applying CVar settings from Section [EffectsQuality@3] File [D:/GGJ2020/BUAS-Houdini-Powerhouse-GGJ2020/Unreal/BumperCars/Saved/Config/Windows/Scalability.ini]
[2020.01.31-21.57.52:478][  0]LogConfig: Setting CVar [[r.TranslucencyLightingVolumeDim:64]]
[2020.01.31-21.57.52:478][  0]LogConfig: Setting CVar [[r.RefractionQuality:2]]
[2020.01.31-21.57.52:479][  0]LogConfig: Setting CVar [[r.SSR.Quality:3]]
[2020.01.31-21.57.52:479][  0]LogConfig: Setting CVar [[r.SSR.HalfResSceneColor:0]]
[2020.01.31-21.57.52:479][  0]LogConfig: Setting CVar [[r.SceneColorFormat:4]]
[2020.01.31-21.57.52:479][  0]LogConfig: Setting CVar [[r.DetailMode:2]]
[2020.01.31-21.57.52:479][  0]LogConfig: Setting CVar [[r.TranslucencyVolumeBlur:1]]
[2020.01.31-21.57.52:479][  0]LogConfig: Setting CVar [[r.MaterialQualityLevel:1 ; High quality]]
[2020.01.31-21.57.52:479][  0]LogConfig: Setting CVar [[r.SSS.Scale:1]]
[2020.01.31-21.57.52:479][  0]LogConfig: Setting CVar [[r.SSS.SampleSet:2]]
[2020.01.31-21.57.52:479][  0]LogConfig: Setting CVar [[r.SSS.Quality:1]]
[2020.01.31-21.57.52:479][  0]LogConfig: Setting CVar [[r.SSS.HalfRes:1]]
[2020.01.31-21.57.52:479][  0]LogConfig: Setting CVar [[r.SSGI.Quality:3]]
[2020.01.31-21.57.52:479][  0]LogConfig: Setting CVar [[r.EmitterSpawnRateScale:1.0]]
[2020.01.31-21.57.52:479][  0]LogConfig: Setting CVar [[r.ParticleLightQuality:2]]
[2020.01.31-21.57.52:479][  0]LogConfig: Setting CVar [[r.SkyAtmosphere.AerialPerspectiveLUT.FastApplyOnOpaque:1 ; Always have FastSkyLUT 1 in this case to avoid wrong sky]]
[2020.01.31-21.57.52:479][  0]LogConfig: Setting CVar [[r.SkyAtmosphere.AerialPerspectiveLUT.SampleCountPerSlice:1]]
[2020.01.31-21.57.52:479][  0]LogConfig: Setting CVar [[r.SkyAtmosphere.AerialPerspectiveLUT.DepthResolution:16.0]]
[2020.01.31-21.57.52:479][  0]LogConfig: Setting CVar [[r.SkyAtmosphere.FastSkyLUT:1]]
[2020.01.31-21.57.52:479][  0]LogConfig: Setting CVar [[r.SkyAtmosphere.FastSkyLUT.SampleCountMin:4.0]]
[2020.01.31-21.57.52:479][  0]LogConfig: Setting CVar [[r.SkyAtmosphere.FastSkyLUT.SampleCountMax:32.0]]
[2020.01.31-21.57.52:479][  0]LogConfig: Setting CVar [[r.SkyAtmosphere.SampleCountMin:4.0]]
[2020.01.31-21.57.52:479][  0]LogConfig: Setting CVar [[r.SkyAtmosphere.SampleCountMax:32.0]]
[2020.01.31-21.57.52:479][  0]LogConfig: Setting CVar [[r.SkyAtmosphere.TransmittanceLUT.UseSmallFormat:0]]
[2020.01.31-21.57.52:479][  0]LogConfig: Setting CVar [[r.SkyAtmosphere.TransmittanceLUT.SampleCount:10.0]]
[2020.01.31-21.57.52:479][  0]LogConfig: Setting CVar [[r.SkyAtmosphere.MultiScatteringLUT.SampleCount:15.0]]
[2020.01.31-21.57.52:479][  0]LogConfig: Applying CVar settings from Section [FoliageQuality@3] File [D:/GGJ2020/BUAS-Houdini-Powerhouse-GGJ2020/Unreal/BumperCars/Saved/Config/Windows/Scalability.ini]
[2020.01.31-21.57.52:479][  0]LogConfig: Setting CVar [[foliage.DensityScale:1.0]]
[2020.01.31-21.57.52:479][  0]LogConfig: Setting CVar [[grass.DensityScale:1.0]]
[2020.01.31-21.57.52:479][  0]LogConfig: Applying CVar settings from Section [ShadingQuality@3] File [D:/GGJ2020/BUAS-Houdini-Powerhouse-GGJ2020/Unreal/BumperCars/Saved/Config/Windows/Scalability.ini]
[2020.01.31-21.57.52:479][  0]LogConfig: Setting CVar [[r.HairStrands.SkyLighting.SampleCount:16]]
[2020.01.31-21.57.52:479][  0]LogConfig: Setting CVar [[r.HairStrands.SkyLighting.JitterIntegration:0]]
[2020.01.31-21.57.52:479][  0]LogConfig: Setting CVar [[r.HairStrands.SkyAO.SampleCount:16]]
[2020.01.31-21.57.52:479][  0]LogInit: Selected Device Profile: [Windows]
[2020.01.31-21.57.52:479][  0]LogInit: Applying CVar settings loaded from the selected device profile: [Windows]
[2020.01.31-21.57.52:483][  0]LogHAL: Display: Platform has ~ 8 GB [8473542656 / 8589934592 / 8], which maps to Default [LargestMinGB=32, LargerMinGB=12, DefaultMinGB=8, SmallerMinGB=6, SmallestMinGB=0)
[2020.01.31-21.57.52:483][  0]LogInit: Going up to parent DeviceProfile []
[2020.01.31-21.57.52:483][  0]LogConfig: Applying CVar settings from Section [ViewDistanceQuality@3] File [D:/GGJ2020/BUAS-Houdini-Powerhouse-GGJ2020/Unreal/BumperCars/Saved/Config/Windows/Scalability.ini]
[2020.01.31-21.57.52:483][  0]LogConfig: Setting CVar [[r.SkeletalMeshLODBias:0]]
[2020.01.31-21.57.52:483][  0]LogConfig: Setting CVar [[r.ViewDistanceScale:1.0]]
[2020.01.31-21.57.52:483][  0]LogConfig: Applying CVar settings from Section [AntiAliasingQuality@3] File [D:/GGJ2020/BUAS-Houdini-Powerhouse-GGJ2020/Unreal/BumperCars/Saved/Config/Windows/Scalability.ini]
[2020.01.31-21.57.52:483][  0]LogConfig: Setting CVar [[r.PostProcessAAQuality:4]]
[2020.01.31-21.57.52:484][  0]LogConfig: Applying CVar settings from Section [ShadowQuality@3] File [D:/GGJ2020/BUAS-Houdini-Powerhouse-GGJ2020/Unreal/BumperCars/Saved/Config/Windows/Scalability.ini]
[2020.01.31-21.57.52:484][  0]LogConfig: Setting CVar [[r.LightFunctionQuality:1]]
[2020.01.31-21.57.52:484][  0]LogConfig: Setting CVar [[r.ShadowQuality:5]]
[2020.01.31-21.57.52:484][  0]LogConfig: Setting CVar [[r.Shadow.CSM.MaxCascades:10]]
[2020.01.31-21.57.52:484][  0]LogConfig: Setting CVar [[r.Shadow.MaxResolution:2048]]
[2020.01.31-21.57.52:484][  0]LogConfig: Setting CVar [[r.Shadow.MaxCSMResolution:2048]]
[2020.01.31-21.57.52:484][  0]LogConfig: Setting CVar [[r.Shadow.RadiusThreshold:0.01]]
[2020.01.31-21.57.52:484][  0]LogConfig: Setting CVar [[r.Shadow.DistanceScale:1.0]]
[2020.01.31-21.57.52:484][  0]LogConfig: Setting CVar [[r.Shadow.CSM.TransitionScale:1.0]]
[2020.01.31-21.57.52:484][  0]LogConfig: Setting CVar [[r.Shadow.PreShadowResolutionFactor:1.0]]
[2020.01.31-21.57.52:484][  0]LogConfig: Setting CVar [[r.DistanceFieldShadowing:1]]
[2020.01.31-21.57.52:484][  0]LogConfig: Setting CVar [[r.DistanceFieldAO:1]]
[2020.01.31-21.57.52:484][  0]LogConfig: Setting CVar [[r.AOQuality:2]]
[2020.01.31-21.57.52:484][  0]LogConfig: Setting CVar [[r.VolumetricFog:1]]
[2020.01.31-21.57.52:484][  0]LogConfig: Setting CVar [[r.VolumetricFog.GridPixelSize:8]]
[2020.01.31-21.57.52:484][  0]LogConfig: Setting CVar [[r.VolumetricFog.GridSizeZ:128]]
[2020.01.31-21.57.52:484][  0]LogConfig: Setting CVar [[r.VolumetricFog.HistoryMissSupersampleCount:4]]
[2020.01.31-21.57.52:484][  0]LogConfig: Setting CVar [[r.LightMaxDrawDistanceScale:1]]
[2020.01.31-21.57.52:484][  0]LogConfig: Setting CVar [[r.CapsuleShadows:1]]
[2020.01.31-21.57.52:484][  0]LogConfig: Applying CVar settings from Section [PostProcessQuality@3] File [D:/GGJ2020/BUAS-Houdini-Powerhouse-GGJ2020/Unreal/BumperCars/Saved/Config/Windows/Scalability.ini]
[2020.01.31-21.57.52:484][  0]LogConfig: Setting CVar [[r.MotionBlurQuality:4]]
[2020.01.31-21.57.52:484][  0]LogConfig: Setting CVar [[r.AmbientOcclusionMipLevelFactor:0.4]]
[2020.01.31-21.57.52:484][  0]LogConfig: Setting CVar [[r.AmbientOcclusionMaxQuality:100]]
[2020.01.31-21.57.52:484][  0]LogConfig: Setting CVar [[r.AmbientOcclusionLevels:-1]]
[2020.01.31-21.57.52:484][  0]LogConfig: Setting CVar [[r.AmbientOcclusionRadiusScale:1.0]]
[2020.01.31-21.57.52:484][  0]LogConfig: Setting CVar [[r.DepthOfFieldQuality:2]]
[2020.01.31-21.57.52:484][  0]LogConfig: Setting CVar [[r.RenderTargetPoolMin:400]]
[2020.01.31-21.57.52:484][  0]LogConfig: Setting CVar [[r.LensFlareQuality:2]]
[2020.01.31-21.57.52:484][  0]LogConfig: Setting CVar [[r.SceneColorFringeQuality:1]]
[2020.01.31-21.57.52:484][  0]LogConfig: Setting CVar [[r.EyeAdaptationQuality:2]]
[2020.01.31-21.57.52:484][  0]LogConfig: Setting CVar [[r.BloomQuality:5]]
[2020.01.31-21.57.52:484][  0]LogConfig: Setting CVar [[r.FastBlurThreshold:100]]
[2020.01.31-21.57.52:484][  0]LogConfig: Setting CVar [[r.Upscale.Quality:3]]
[2020.01.31-21.57.52:484][  0]LogConfig: Setting CVar [[r.Tonemapper.GrainQuantization:1]]
[2020.01.31-21.57.52:484][  0]LogConfig: Setting CVar [[r.LightShaftQuality:1]]
[2020.01.31-21.57.52:484][  0]LogConfig: Setting CVar [[r.Filter.SizeScale:1]]
[2020.01.31-21.57.52:484][  0]LogConfig: Setting CVar [[r.Tonemapper.Quality:5]]
[2020.01.31-21.57.52:484][  0]LogConfig: Setting CVar [[r.DOF.Gather.AccumulatorQuality:1        ; higher gathering accumulator quality]]
[2020.01.31-21.57.52:484][  0]LogConfig: Setting CVar [[r.DOF.Gather.PostfilterMethod:1          ; Median3x3 postfilering method]]
[2020.01.31-21.57.52:484][  0]LogConfig: Setting CVar [[r.DOF.Gather.EnableBokehSettings:0       ; no bokeh simulation when gathering]]
[2020.01.31-21.57.52:484][  0]LogConfig: Setting CVar [[r.DOF.Gather.RingCount:4                 ; medium number of samples when gathering]]
[2020.01.31-21.57.52:484][  0]LogConfig: Setting CVar [[r.DOF.Scatter.ForegroundCompositing:1    ; additive foreground scattering]]
[2020.01.31-21.57.52:484][  0]LogConfig: Setting CVar [[r.DOF.Scatter.BackgroundCompositing:2    ; additive background scattering]]
[2020.01.31-21.57.52:484][  0]LogConfig: Setting CVar [[r.DOF.Scatter.EnableBokehSettings:1      ; bokeh simulation when scattering]]
[2020.01.31-21.57.52:484][  0]LogConfig: Setting CVar [[r.DOF.Scatter.MaxSpriteRatio:0.1         ; only a maximum of 10% of scattered bokeh]]
[2020.01.31-21.57.52:484][  0]LogConfig: Setting CVar [[r.DOF.Recombine.Quality:1                ; cheap slight out of focus]]
[2020.01.31-21.57.52:484][  0]LogConfig: Setting CVar [[r.DOF.Recombine.EnableBokehSettings:0    ; no bokeh simulation on slight out of focus]]
[2020.01.31-21.57.52:484][  0]LogConfig: Setting CVar [[r.DOF.TemporalAAQuality:1                ; more stable temporal accumulation]]
[2020.01.31-21.57.52:484][  0]LogConfig: Setting CVar [[r.DOF.Kernel.MaxForegroundRadius:0.025]]
[2020.01.31-21.57.52:484][  0]LogConfig: Setting CVar [[r.DOF.Kernel.MaxBackgroundRadius:0.025]]
[2020.01.31-21.57.52:484][  0]LogConfig: Applying CVar settings from Section [TextureQuality@3] File [D:/GGJ2020/BUAS-Houdini-Powerhouse-GGJ2020/Unreal/BumperCars/Saved/Config/Windows/Scalability.ini]
[2020.01.31-21.57.52:484][  0]LogConfig: Setting CVar [[r.Streaming.MipBias:0]]
[2020.01.31-21.57.52:484][  0]LogConfig: Setting CVar [[r.Streaming.AmortizeCPUToGPUCopy:0]]
[2020.01.31-21.57.52:484][  0]LogConfig: Setting CVar [[r.Streaming.MaxNumTexturesToStreamPerFrame:0]]
[2020.01.31-21.57.52:484][  0]LogConfig: Setting CVar [[r.Streaming.Boost:1]]
[2020.01.31-21.57.52:484][  0]LogConfig: Setting CVar [[r.MaxAnisotropy:8]]
[2020.01.31-21.57.52:484][  0]LogConfig: Setting CVar [[r.VT.MaxAnisotropy:8]]
[2020.01.31-21.57.52:484][  0]LogConfig: Setting CVar [[r.Streaming.LimitPoolSizeToVRAM:0]]
[2020.01.31-21.57.52:484][  0]LogConfig: Setting CVar [[r.Streaming.PoolSize:1000]]
[2020.01.31-21.57.52:484][  0]LogConfig: Setting CVar [[r.Streaming.MaxEffectiveScreenSize:0]]
[2020.01.31-21.57.52:484][  0]LogConfig: Applying CVar settings from Section [EffectsQuality@3] File [D:/GGJ2020/BUAS-Houdini-Powerhouse-GGJ2020/Unreal/BumperCars/Saved/Config/Windows/Scalability.ini]
[2020.01.31-21.57.52:484][  0]LogConfig: Setting CVar [[r.TranslucencyLightingVolumeDim:64]]
[2020.01.31-21.57.52:485][  0]LogConfig: Setting CVar [[r.RefractionQuality:2]]
[2020.01.31-21.57.52:485][  0]LogConfig: Setting CVar [[r.SSR.Quality:3]]
[2020.01.31-21.57.52:485][  0]LogConfig: Setting CVar [[r.SSR.HalfResSceneColor:0]]
[2020.01.31-21.57.52:485][  0]LogConfig: Setting CVar [[r.SceneColorFormat:4]]
[2020.01.31-21.57.52:485][  0]LogConfig: Setting CVar [[r.DetailMode:2]]
[2020.01.31-21.57.52:485][  0]LogConfig: Setting CVar [[r.TranslucencyVolumeBlur:1]]
[2020.01.31-21.57.52:485][  0]LogConfig: Setting CVar [[r.MaterialQualityLevel:1 ; High quality]]
[2020.01.31-21.57.52:485][  0]LogConfig: Setting CVar [[r.SSS.Scale:1]]
[2020.01.31-21.57.52:485][  0]LogConfig: Setting CVar [[r.SSS.SampleSet:2]]
[2020.01.31-21.57.52:485][  0]LogConfig: Setting CVar [[r.SSS.Quality:1]]
[2020.01.31-21.57.52:485][  0]LogConfig: Setting CVar [[r.SSS.HalfRes:1]]
[2020.01.31-21.57.52:485][  0]LogConfig: Setting CVar [[r.SSGI.Quality:3]]
[2020.01.31-21.57.52:485][  0]LogConfig: Setting CVar [[r.EmitterSpawnRateScale:1.0]]
[2020.01.31-21.57.52:485][  0]LogConfig: Setting CVar [[r.ParticleLightQuality:2]]
[2020.01.31-21.57.52:485][  0]LogConfig: Setting CVar [[r.SkyAtmosphere.AerialPerspectiveLUT.FastApplyOnOpaque:1 ; Always have FastSkyLUT 1 in this case to avoid wrong sky]]
[2020.01.31-21.57.52:485][  0]LogConfig: Setting CVar [[r.SkyAtmosphere.AerialPerspectiveLUT.SampleCountPerSlice:1]]
[2020.01.31-21.57.52:485][  0]LogConfig: Setting CVar [[r.SkyAtmosphere.AerialPerspectiveLUT.DepthResolution:16.0]]
[2020.01.31-21.57.52:485][  0]LogConfig: Setting CVar [[r.SkyAtmosphere.FastSkyLUT:1]]
[2020.01.31-21.57.52:485][  0]LogConfig: Setting CVar [[r.SkyAtmosphere.FastSkyLUT.SampleCountMin:4.0]]
[2020.01.31-21.57.52:485][  0]LogConfig: Setting CVar [[r.SkyAtmosphere.FastSkyLUT.SampleCountMax:32.0]]
[2020.01.31-21.57.52:485][  0]LogConfig: Setting CVar [[r.SkyAtmosphere.SampleCountMin:4.0]]
[2020.01.31-21.57.52:485][  0]LogConfig: Setting CVar [[r.SkyAtmosphere.SampleCountMax:32.0]]
[2020.01.31-21.57.52:485][  0]LogConfig: Setting CVar [[r.SkyAtmosphere.TransmittanceLUT.UseSmallFormat:0]]
[2020.01.31-21.57.52:485][  0]LogConfig: Setting CVar [[r.SkyAtmosphere.TransmittanceLUT.SampleCount:10.0]]
[2020.01.31-21.57.52:485][  0]LogConfig: Setting CVar [[r.SkyAtmosphere.MultiScatteringLUT.SampleCount:15.0]]
[2020.01.31-21.57.52:485][  0]LogConfig: Applying CVar settings from Section [FoliageQuality@3] File [D:/GGJ2020/BUAS-Houdini-Powerhouse-GGJ2020/Unreal/BumperCars/Saved/Config/Windows/Scalability.ini]
[2020.01.31-21.57.52:485][  0]LogConfig: Setting CVar [[foliage.DensityScale:1.0]]
[2020.01.31-21.57.52:485][  0]LogConfig: Setting CVar [[grass.DensityScale:1.0]]
[2020.01.31-21.57.52:485][  0]LogConfig: Applying CVar settings from Section [ShadingQuality@3] File [D:/GGJ2020/BUAS-Houdini-Powerhouse-GGJ2020/Unreal/BumperCars/Saved/Config/Windows/Scalability.ini]
[2020.01.31-21.57.52:485][  0]LogConfig: Setting CVar [[r.HairStrands.SkyLighting.SampleCount:16]]
[2020.01.31-21.57.52:485][  0]LogConfig: Setting CVar [[r.HairStrands.SkyLighting.JitterIntegration:0]]
[2020.01.31-21.57.52:485][  0]LogConfig: Setting CVar [[r.HairStrands.SkyAO.SampleCount:16]]
[2020.01.31-21.57.52:485][  0]LogConfig: Applying CVar settings from Section [Startup] File [../../../Engine/Config/ConsoleVariables.ini]
[2020.01.31-21.57.52:485][  0]LogConfig: Setting CVar [[net.UseAdaptiveNetUpdateFrequency:0]]
[2020.01.31-21.57.52:485][  0]LogConfig: Setting CVar [[p.chaos.AllowCreatePhysxBodies:1]]
[2020.01.31-21.57.52:485][  0]LogConfig: Applying CVar settings from Section [ConsoleVariables] File [D:/GGJ2020/BUAS-Houdini-Powerhouse-GGJ2020/Unreal/BumperCars/Saved/Config/Windows/Engine.ini]
[2020.01.31-21.57.52:486][  0]LogInit: Computer: STAN
[2020.01.31-21.57.52:486][  0]LogInit: User: Stan
[2020.01.31-21.57.52:486][  0]LogInit: CPU Page size=4096, Cores=4
[2020.01.31-21.57.52:486][  0]LogInit: High frequency timer resolution =10.000000 MHz
[2020.01.31-21.57.52:486][  0]LogMemory: Memory total: Physical=7.9GB (8GB approx)
[2020.01.31-21.57.52:486][  0]LogMemory: Platform Memory Stats for Windows
[2020.01.31-21.57.52:486][  0]LogMemory: Process Physical Memory: 108.30 MB used, 108.31 MB peak
[2020.01.31-21.57.52:486][  0]LogMemory: Process Virtual Memory: 100.77 MB used, 100.77 MB peak
[2020.01.31-21.57.52:486][  0]LogMemory: Physical Memory: 5711.24 MB used,  2369.76 MB free, 8081.00 MB total
[2020.01.31-21.57.52:486][  0]LogMemory: Virtual Memory: 5104.76 MB used,  134212624.00 MB free, 134217728.00 MB total
[2020.01.31-21.57.52:493][  0]LogWindows: WindowsPlatformFeatures enabled
[2020.01.31-21.57.52:696][  0]LogInit: Using OS detected language (en-GB).
[2020.01.31-21.57.52:696][  0]LogInit: Using OS detected locale (en-GB).
[2020.01.31-21.57.52:699][  0]LogTextLocalizationManager: No specific localization for 'en-GB' exists, so the 'en' localization will be used.
[2020.01.31-21.57.53:015][  0]LogInit: Setting process to per monitor DPI aware
[2020.01.31-21.57.53:109][  0]LogSlate: New Slate User Created.  User Index 0, Is Virtual User: 0
[2020.01.31-21.57.53:109][  0]LogSlate: Slate User Registered.  User Index 0, Is Virtual User: 0
[2020.01.31-21.57.53:550][  0]LogHMD: Failed to initialize OpenVR with code 126
[2020.01.31-21.57.53:550][  0]LogD3D11RHI: D3D11 min allowed feature level: 11_0
[2020.01.31-21.57.53:550][  0]LogD3D11RHI: D3D11 max allowed feature level: 11_0
[2020.01.31-21.57.53:550][  0]LogD3D11RHI: D3D11 adapters:
[2020.01.31-21.57.53:704][  0]LogD3D11RHI:    0. 'NVIDIA GeForce GTX 950M' (Feature Level 11_0)
[2020.01.31-21.57.53:704][  0]LogD3D11RHI:       2010/0/4040 MB DedicatedVideo/DedicatedSystem/SharedSystem, Outputs:1, VendorId:0x10de
[2020.01.31-21.57.53:737][  0]LogD3D11RHI:    1. 'Intel(R) HD Graphics 4600' (Feature Level 11_0)
[2020.01.31-21.57.53:737][  0]LogD3D11RHI:       112/0/2048 MB DedicatedVideo/DedicatedSystem/SharedSystem, Outputs:0, VendorId:0x8086
[2020.01.31-21.57.53:759][  0]LogD3D11RHI:    2. 'Microsoft Basic Render Driver' (Feature Level 11_0)
[2020.01.31-21.57.53:759][  0]LogD3D11RHI:       0/0/4040 MB DedicatedVideo/DedicatedSystem/SharedSystem, Outputs:0, VendorId:0x1414
[2020.01.31-21.57.53:759][  0]LogD3D11RHI: Chosen D3D11 Adapter: 0
[2020.01.31-21.57.53:813][  0]LogD3D11RHI: Creating new Direct3DDevice
[2020.01.31-21.57.53:814][  0]LogD3D11RHI:     GPU DeviceId: 0x139a (for the marketing name, search the web for "GPU Device Id")
[2020.01.31-21.57.53:814][  0]LogWindows: EnumDisplayDevices:
[2020.01.31-21.57.53:814][  0]LogWindows:    0. 'Intel(R) HD Graphics 4600' (P:1 D:1)
[2020.01.31-21.57.53:815][  0]LogWindows:    1. 'Intel(R) HD Graphics 4600' (P:0 D:0)
[2020.01.31-21.57.53:816][  0]LogWindows:    2. 'Intel(R) HD Graphics 4600' (P:0 D:0)
[2020.01.31-21.57.53:817][  0]LogWindows: DebugString: PrimaryIsNotTheChoosenAdapter PrimaryIsNotTheChoosenAdapter PrimaryIsNotTheChoosenAdapter FoundDriverCount:0 
[2020.01.31-21.57.53:817][  0]LogD3D11RHI:     Adapter Name: NVIDIA GeForce GTX 950M
[2020.01.31-21.57.53:817][  0]LogD3D11RHI:   Driver Version: Unknown (internal:Unknown, unified:Unknown)
[2020.01.31-21.57.53:817][  0]LogD3D11RHI:      Driver Date: Unknown
[2020.01.31-21.57.53:817][  0]LogRHI: Texture pool is 1407 MB (70% of 2010 MB)
[2020.01.31-21.57.53:868][  0]LogD3D11RHI: RHI has support for 64 bit atomics
[2020.01.31-21.57.53:868][  0]LogD3D11RHI: Async texture creation enabled
[2020.01.31-21.57.53:890][  0]LogD3D11RHI: GPU Timing Frequency: 1000.000000 (Debug: 2 2)
[2020.01.31-21.57.54:633][  0]LogTargetPlatformManager: Display: Loaded TargetPlatform 'AllDesktop'
[2020.01.31-21.57.54:692][  0]LogTargetPlatformManager: Display: Loaded TargetPlatform 'Android'
[2020.01.31-21.57.54:692][  0]LogTargetPlatformManager: Display: Loaded TargetPlatform 'Android_ASTC'
[2020.01.31-21.57.54:692][  0]LogTargetPlatformManager: Display: Loaded TargetPlatform 'Android_ATC'
[2020.01.31-21.57.54:692][  0]LogTargetPlatformManager: Display: Loaded TargetPlatform 'Android_DXT'
[2020.01.31-21.57.54:692][  0]LogTargetPlatformManager: Display: Loaded TargetPlatform 'Android_ETC1'
[2020.01.31-21.57.54:692][  0]LogTargetPlatformManager: Display: Loaded TargetPlatform 'Android_ETC1a'
[2020.01.31-21.57.54:692][  0]LogTargetPlatformManager: Display: Loaded TargetPlatform 'Android_ETC2'
[2020.01.31-21.57.54:692][  0]LogTargetPlatformManager: Display: Loaded TargetPlatform 'Android_PVRTC'
[2020.01.31-21.57.54:692][  0]LogTargetPlatformManager: Display: Loaded TargetPlatform 'AndroidClient'
[2020.01.31-21.57.54:692][  0]LogTargetPlatformManager: Display: Loaded TargetPlatform 'Android_ASTCClient'
[2020.01.31-21.57.54:692][  0]LogTargetPlatformManager: Display: Loaded TargetPlatform 'Android_ATCClient'
[2020.01.31-21.57.54:692][  0]LogTargetPlatformManager: Display: Loaded TargetPlatform 'Android_DXTClient'
[2020.01.31-21.57.54:692][  0]LogTargetPlatformManager: Display: Loaded TargetPlatform 'Android_ETC1Client'
[2020.01.31-21.57.54:692][  0]LogTargetPlatformManager: Display: Loaded TargetPlatform 'Android_ETC1aClient'
[2020.01.31-21.57.54:692][  0]LogTargetPlatformManager: Display: Loaded TargetPlatform 'Android_ETC2Client'
[2020.01.31-21.57.54:692][  0]LogTargetPlatformManager: Display: Loaded TargetPlatform 'Android_PVRTCClient'
[2020.01.31-21.57.54:692][  0]LogTargetPlatformManager: Display: Loaded TargetPlatform 'Android_Multi'
[2020.01.31-21.57.54:692][  0]LogTargetPlatformManager: Display: Loaded TargetPlatform 'Android_MultiClient'
[2020.01.31-21.57.54:731][  0]LogTargetPlatformManager: Display: Loaded TargetPlatform 'IOSClient'
[2020.01.31-21.57.54:731][  0]LogTargetPlatformManager: Display: Loaded TargetPlatform 'IOS'
[2020.01.31-21.57.54:750][  0]LogTargetPlatformManager: Display: Loaded TargetPlatform 'LinuxNoEditor'
[2020.01.31-21.57.54:772][  0]LogTargetPlatformManager: Display: Loaded TargetPlatform 'LinuxClient'
[2020.01.31-21.57.54:790][  0]LogTargetPlatformManager: Display: Loaded TargetPlatform 'LinuxServer'
[2020.01.31-21.57.54:805][  0]LogTargetPlatformManager: Display: Loaded TargetPlatform 'LinuxAArch64NoEditor'
[2020.01.31-21.57.54:826][  0]LogTargetPlatformManager: Display: Loaded TargetPlatform 'LinuxAArch64Client'
[2020.01.31-21.57.54:840][  0]LogTargetPlatformManager: Display: Loaded TargetPlatform 'LinuxAArch64Server'
[2020.01.31-21.57.54:883][  0]LogTargetPlatformManager: Display: Loaded TargetPlatform 'Lumin'
[2020.01.31-21.57.54:883][  0]LogTargetPlatformManager: Display: Loaded TargetPlatform 'LuminClient'
[2020.01.31-21.57.54:906][  0]LogTargetPlatformManager: Display: Loaded TargetPlatform 'TVOSClient'
[2020.01.31-21.57.54:907][  0]LogTargetPlatformManager: Display: Loaded TargetPlatform 'TVOS'
[2020.01.31-21.57.54:927][  0]LogTargetPlatformManager: Display: Loaded TargetPlatform 'WindowsNoEditor'
[2020.01.31-21.57.54:946][  0]LogTargetPlatformManager: Display: Loaded TargetPlatform 'Windows'
[2020.01.31-21.57.54:960][  0]LogTargetPlatformManager: Display: Loaded TargetPlatform 'WindowsClient'
[2020.01.31-21.57.54:975][  0]LogTargetPlatformManager: Display: Loaded TargetPlatform 'WindowsServer'
[2020.01.31-21.57.54:975][  0]LogTargetPlatformManager: Display: Building Assets For Windows
[2020.01.31-21.57.55:017][  0]LogAudioDebug: Display: Lib vorbis DLL was dynamically loaded.
[2020.01.31-21.57.55:197][  0]LogShaderCompilers: Guid format shader working directory is -16 characters bigger than the processId version (D:/GGJ2020/BUAS-Houdini-Powerhouse-GGJ2020/Unreal/BumperCars/Intermediate/Shaders/WorkingDirectory/17680/).
[2020.01.31-21.57.55:198][  0]LogShaderCompilers: Cleaned the shader compiler working directory 'C:/Users/Stan/AppData/Local/Temp/UnrealShaderWorkingDir/5FB4B34F409CD8B235A5D2BC33ED571B/'.
[2020.01.31-21.57.55:199][  0]LogXGEController: Cannot use XGE Controller as Incredibuild is not installed on this machine.
[2020.01.31-21.57.55:199][  0]LogShaderCompilers: Cannot use XGE Shader Compiler as Incredibuild is not installed on this machine.
[2020.01.31-21.57.55:199][  0]LogShaderCompilers: Display: Using Local Shader Compiler.
[2020.01.31-21.57.56:255][  0]LogDerivedDataCache: Display: Max Cache Size: 512 MB
[2020.01.31-21.57.56:377][  0]LogDerivedDataCache: Loaded boot cache 0.12s 79MB C:/Users/Stan/AppData/Local/UnrealEngine/4.24/DerivedDataCache/Boot.ddc.
[2020.01.31-21.57.56:377][  0]LogDerivedDataCache: Display: Loaded Boot cache: C:/Users/Stan/AppData/Local/UnrealEngine/4.24/DerivedDataCache/Boot.ddc
[2020.01.31-21.57.56:377][  0]LogDerivedDataCache: FDerivedDataBackendGraph:  Pak pak cache file D:/GGJ2020/BUAS-Houdini-Powerhouse-GGJ2020/Unreal/BumperCars/DerivedDataCache/DDC.ddp not found, will not use a pak cache.
[2020.01.31-21.57.56:377][  0]LogDerivedDataCache: Unable to find inner node Pak for hierarchical cache Hierarchy.
[2020.01.31-21.57.56:377][  0]LogDerivedDataCache: FDerivedDataBackendGraph:  CompressedPak pak cache file D:/GGJ2020/BUAS-Houdini-Powerhouse-GGJ2020/Unreal/BumperCars/DerivedDataCache/Compressed.ddp not found, will not use a pak cache.
[2020.01.31-21.57.56:377][  0]LogDerivedDataCache: Unable to find inner node CompressedPak for hierarchical cache Hierarchy.
[2020.01.31-21.57.56:391][  0]LogDerivedDataCache: Display: Pak cache opened for reading ../../../Engine/DerivedDataCache/Compressed.ddp.
[2020.01.31-21.57.56:391][  0]LogDerivedDataCache: FDerivedDataBackendGraph:  EnterprisePak pak cache file ../../../Enterprise/DerivedDataCache/Compressed.ddp not found, will not use a pak cache.
[2020.01.31-21.57.56:391][  0]LogDerivedDataCache: Unable to find inner node EnterprisePak for hierarchical cache Hierarchy.
[2020.01.31-21.57.56:395][  0]LogDerivedDataCache: Using Local data cache path C:/Users/Stan/AppData/Local/UnrealEngine/Common/DerivedDataCache: Writable
[2020.01.31-21.57.56:395][  0]LogDerivedDataCache: Shared data cache path not found in *engine.ini, will not use an Shared cache.
[2020.01.31-21.57.56:395][  0]LogDerivedDataCache: Unable to find inner node Shared for hierarchical cache Hierarchy.
[2020.01.31-21.57.56:436][  0]LogMaterial: Verifying Global Shaders for PCD3D_SM5
[2020.01.31-21.57.56:444][  0]LogSlate: Using FreeType 2.10.0
[2020.01.31-21.57.56:445][  0]LogSlate: SlateFontServices - WITH_FREETYPE: 1, WITH_HARFBUZZ: 1
[2020.01.31-21.57.56:556][  0]LogAssetRegistry: FAssetRegistry took 0.0031 seconds to start up
[2020.01.31-21.57.57:069][  0]LogInit: Selected Device Profile: [Windows]
[2020.01.31-21.57.57:391][  0]LogMeshReduction: Using QuadricMeshReduction for automatic static mesh reduction
[2020.01.31-21.57.57:391][  0]LogMeshReduction: Using SimplygonMeshReduction for automatic skeletal mesh reduction
[2020.01.31-21.57.57:391][  0]LogMeshReduction: Using ProxyLODMeshReduction for automatic mesh merging
[2020.01.31-21.57.57:391][  0]LogMeshReduction: No distributed automatic mesh merging module available
[2020.01.31-21.57.57:391][  0]LogMeshMerging: No distributed automatic mesh merging module available
[2020.01.31-21.57.57:415][  0]LogNetVersion: BumperCars 1.0.0, NetCL: 10570792, EngineNetVer: 13, GameNetVer: 0 (Checksum: 2350623932)
[2020.01.31-21.57.59:392][  0]LogPackageLocalizationCache: Processed 10 localized package path(s) for 1 prioritized culture(s) in 0.102671 seconds
[2020.01.31-21.57.59:401][  0]LogUObjectArray: 46750 objects as part of root set at end of initial load.
[2020.01.31-21.57.59:401][  0]LogUObjectAllocator: 8137160 out of 0 bytes used by permanent object pool.
[2020.01.31-21.57.59:401][  0]LogUObjectArray: CloseDisregardForGC: 0/0 objects in disregard for GC pool
[2020.01.31-21.58.00:473][  0]LogTcpMessaging: Initializing TcpMessaging bridge
[2020.01.31-21.58.00:482][  0]LogUdpMessaging: Initializing bridge on interface 0.0.0.0:0 to multicast group 230.0.0.1:6666.
[2020.01.31-21.58.00:662][  0]SourceControl: Source control is disabled
[2020.01.31-21.58.00:662][  0]SourceControl: Source control is disabled
[2020.01.31-21.58.00:674][  0]SourceControl: Source control is disabled
[2020.01.31-21.58.00:682][  0]SourceControl: Source control is disabled
[2020.01.31-21.58.00:688][  0]SourceControl: Source control is disabled
[2020.01.31-21.58.01:047][  0]LogAndroidPermission: UAndroidPermissionCallbackProxy::GetInstance
[2020.01.31-21.58.01:103][  0]LogAudioCaptureCore: Display: No Audio Capture implementations found. Audio input will be silent.
[2020.01.31-21.58.01:103][  0]LogAudioCaptureCore: Display: No Audio Capture implementations found. Audio input will be silent.
[2020.01.31-21.58.01:303][  0]LogOcInput: OculusInput pre-init called
[2020.01.31-21.58.01:347][  0]LogWindows: Failed to load 'OVRPlugin.dll' (GetLastError=126)
[2020.01.31-21.58.01:347][  0]LogWindows: File 'OVRPlugin.dll' does not exist
[2020.01.31-21.58.01:484][  0]LogEngine: Initializing Engine...
[2020.01.31-21.58.01:545][  0]LogHMD: Failed to initialize OpenVR with code 126
[2020.01.31-21.58.01:546][  0]LogStats: UGameplayTagsManager::InitializeManager -  0.000 s
[2020.01.31-21.58.02:085][  0]LogInit: Initializing FReadOnlyCVARCache
[2020.01.31-21.58.02:116][  0]LogAIModule: Creating AISystem for world Untitled
[2020.01.31-21.58.02:140][  0]LogAudioMixer: Display: Audio Mixer Platform Settings:
[2020.01.31-21.58.02:140][  0]LogAudioMixer: Display: 	Sample Rate:						  48000
[2020.01.31-21.58.02:140][  0]LogAudioMixer: Display: 	Callback Buffer Frame Size Requested: 1024
[2020.01.31-21.58.02:140][  0]LogAudioMixer: Display: 	Callback Buffer Frame Size To Use:	  1024
[2020.01.31-21.58.02:140][  0]LogAudioMixer: Display: 	Number of buffers to queue:			  2
[2020.01.31-21.58.02:140][  0]LogAudioMixer: Display: 	Max Channels (voices):				  32
[2020.01.31-21.58.02:140][  0]LogAudioMixer: Display: 	Number of Async Source Workers:		  0
[2020.01.31-21.58.02:140][  0]LogAudio: Display: AudioDevice MaxSources: 32
[2020.01.31-21.58.02:141][  0]LogAudio: Display: Using built-in audio occlusion.
[2020.01.31-21.58.02:141][  0]LogAudioMixer: Display: Initializing audio mixer.
[2020.01.31-21.58.02:199][  0]LogAudioMixer: Display: Audio Device Output Speaker Info:
[2020.01.31-21.58.02:199][  0]LogAudioMixer: Display: Name: ZOWIE XL LCD (Intel(R) Display Audio)
[2020.01.31-21.58.02:199][  0]LogAudioMixer: Display: Is Default: Yes
[2020.01.31-21.58.02:199][  0]LogAudioMixer: Display: Sample Rate: 48000
[2020.01.31-21.58.02:199][  0]LogAudioMixer: Display: Channel Count Used: 2
[2020.01.31-21.58.02:199][  0]LogAudioMixer: Display: Device Channel Count: 2
[2020.01.31-21.58.02:199][  0]LogAudioMixer: Display: Channel Order:
[2020.01.31-21.58.02:199][  0]LogAudioMixer: Display: 0: FrontLeft
[2020.01.31-21.58.02:199][  0]LogAudioMixer: Display: 1: FrontRight
[2020.01.31-21.58.02:261][  0]LogAudioMixer: Display: Using Audio Device ZOWIE XL LCD (Intel(R) Display Audio)
[2020.01.31-21.58.02:268][  0]LogInit: FAudioDevice initialized.
[2020.01.31-21.58.02:268][  0]LogNetVersion: Set ProjectVersion to 1.0.0.0. Version Checksum will be recalculated on next use.
[2020.01.31-21.58.02:406][  0]LogDerivedDataCache: Saved boot cache 0.14s 78MB C:/Users/Stan/AppData/Local/UnrealEngine/4.24/DerivedDataCache/Boot.ddc.
[2020.01.31-21.58.02:407][  0]LogInit: Texture streaming: Enabled
[2020.01.31-21.58.02:461][  0]LogEngineSessionManager: EngineSessionManager initialized
[2020.01.31-21.58.02:461][  0]LogEditorSessionSummary: Verbose: Initializing EditorSessionSummaryWriter for editor session tracking
[2020.01.31-21.58.02:481][  0]LogEditorSessionSummary: EditorSessionSummaryWriter initialized
[2020.01.31-21.58.02:547][  0]LogInit: Transaction tracking system initialized
[2020.01.31-21.58.02:605][  0]BlueprintLog: New page: Editor Load
[2020.01.31-21.58.02:762][  0]LocalizationService: Localization service is disabled
[2020.01.31-21.58.03:313][  0]LogFileCache: Scanning file cache for directory 'D:/GGJ2020/BUAS-Houdini-Powerhouse-GGJ2020/Unreal/BumperCars/Content/' took 0.01s
[2020.01.31-21.58.03:313][  0]LogCook: Display: Max memory allowance for cook 16384mb min free memory 0mb
[2020.01.31-21.58.03:313][  0]LogCook: Display: Mobile HDR setting 1
[2020.01.31-21.58.04:907][  0]SourceControl: Source control is disabled
[2020.01.31-21.58.04:907][  0]Cmd: MAP LOAD FILE="../../../Engine/Content/Maps/Templates/Template_Default.umap" TEMPLATE=1 SHOWPROGRESS=1 FEATURELEVEL=3
[2020.01.31-21.58.04:908][  0]LightingResults: New page: Lighting Build
[2020.01.31-21.58.04:909][  0]LogWorld: UWorld::CleanupWorld for Untitled, bSessionEnded=true, bCleanupResources=true
[2020.01.31-21.58.04:910][  0]LogSlate: InvalidateAllWidgets triggered.  All widgets were invalidated
[2020.01.31-21.58.04:910][  0]MapCheck: New page: Map Check
[2020.01.31-21.58.04:910][  0]LightingResults: New page: Lighting Build
[2020.01.31-21.58.04:942][  0]LogUObjectHash: Compacting FUObjectHashTables data took   2.06ms
[2020.01.31-21.58.05:064][  0]LogAIModule: Creating AISystem for world Untitled_1
[2020.01.31-21.58.05:069][  0]LogEditorServer: Finished looking for orphan Actors (0.000 secs)
[2020.01.31-21.58.05:103][  0]LogUObjectHash: Compacting FUObjectHashTables data took   2.93ms
[2020.01.31-21.58.05:103][  0]Cmd: MAP CHECKDEP NOCLEARLOG
[2020.01.31-21.58.05:103][  0]MapCheck: Map check complete: 0 Error(s), 0 Warning(s), took 0.165ms to complete.
[2020.01.31-21.58.05:103][  0]LogFileHelpers: Loading map 'Template_Default' took 0.196
[2020.01.31-21.58.05:374][  0]LogSlate: Updating window title bar state: overlay mode, drag disabled, window buttons hidden, title bar hidden
[2020.01.31-21.58.05:384][  0]LogSlate: Updating window title bar state: overlay mode, drag disabled, window buttons hidden, title bar hidden
[2020.01.31-21.58.05:396][  0]LogSlate: Updating window title bar state: overlay mode, drag disabled, window buttons hidden, title bar hidden
[2020.01.31-21.58.05:404][  0]LogSlate: Updating window title bar state: overlay mode, drag disabled, window buttons hidden, title bar hidden
[2020.01.31-21.58.05:445][  0]LogCollectionManager: Loaded 0 collections in 0.005715 seconds
[2020.01.31-21.58.05:534][  0]LogFileCache: Scanning file cache for directory 'D:/GGJ2020/BUAS-Houdini-Powerhouse-GGJ2020/Unreal/BumperCars/Saved/Collections/' took 0.00s
[2020.01.31-21.58.05:534][  0]LogFileCache: Scanning file cache for directory 'D:/GGJ2020/BUAS-Houdini-Powerhouse-GGJ2020/Unreal/BumperCars/Content/Developers/Stan/Collections/' took 0.00s
[2020.01.31-21.58.05:535][  0]LogFileCache: Scanning file cache for directory 'D:/GGJ2020/BUAS-Houdini-Powerhouse-GGJ2020/Unreal/BumperCars/Content/Collections/' took 0.00s
[2020.01.31-21.58.05:535][  0]LogContentBrowser: Native class hierarchy populated in 0.0131 seconds. Added 3015 classes and 717 folders.
[2020.01.31-21.58.05:544][  0]LogContentBrowser: Native class hierarchy updated for 'WidgetCarousel' in 0.0003 seconds. Added 0 classes and 0 folders.
[2020.01.31-21.58.05:834][  0]LogContentBrowser: Native class hierarchy updated for 'AddContentDialog' in 0.0003 seconds. Added 0 classes and 0 folders.
[2020.01.31-21.58.05:862][  0]LogContentBrowser: Native class hierarchy updated for 'SceneOutliner' in 0.0003 seconds. Added 2 classes and 3 folders.
[2020.01.31-21.58.06:102][  0]LogSlate: Took 0.001059 seconds to synchronously load lazily loaded font '../../../Engine/Content/Slate/Fonts/Roboto-Regular.ttf' (155K)
[2020.01.31-21.58.06:106][  0]LogSlate: Took 0.001296 seconds to synchronously load lazily loaded font '../../../Engine/Content/Slate/Fonts/Roboto-Bold.ttf' (160K)
[2020.01.31-21.58.06:118][  0]LogSlate: Took 0.001190 seconds to synchronously load lazily loaded font '../../../Engine/Content/Editor/Slate/Fonts/FontAwesome.ttf' (139K)
[2020.01.31-21.58.06:362][  0]LogRenderer: Reallocating scene render targets to support 1060x620 Format 10 NumSamples 1 (Frame:1).
[2020.01.31-21.58.06:647][  0]LogContentBrowser: Native class hierarchy updated for 'HierarchicalLODOutliner' in 0.0003 seconds. Added 0 classes and 0 folders.
[2020.01.31-21.58.06:647][  0]LogLoad: (Engine Initialization) Total time: 18.95 seconds
[2020.01.31-21.58.06:647][  0]LogLoad: (Engine Initialization) Total Blueprint compile time: 0.00 seconds
[2020.01.31-21.58.06:716][  0]LogContentStreaming: Texture pool size now 1000 MB
[2020.01.31-21.58.06:736][  0]LogSlate: Took 0.000875 seconds to synchronously load lazily loaded font '../../../Engine/Content/Slate/Fonts/Roboto-Light.ttf' (167K)
[2020.01.31-21.58.06:759][  1]LogAssetRegistry: Asset discovery search completed in 10.2047 seconds
[2020.01.31-21.58.06:766][  1]LogCollectionManager: Fixed up redirectors for 0 collections in 0.000009 seconds (updated 0 objects)
[2020.01.31-21.59.38:114][748]LogSlate: Took 0.000306 seconds to synchronously load lazily loaded font '../../../Engine/Content/Slate/Fonts/Roboto-Light.ttf' (167K)
[2020.01.31-21.59.38:248][748]LogTexture: Display: Building textures: UE4_Logo (BGRA8, 1024X1024)
[2020.01.31-21.59.38:248][748]LogMaterial: Display: Missing cached shader map for material M_UMG_LogoMaterial, compiling. 
[2020.01.31-21.59.38:288][748]LogAIModule: Creating AISystem for world MainMenu
[2020.01.31-21.59.38:289][748]LogShaderCompilers: Display: Worker (1/5): shaders left to compile 17
[2020.01.31-21.59.38:289][748]LogShaderCompilers: Display: Worker (2/5): shaders left to compile 12
[2020.01.31-21.59.38:289][748]LogShaderCompilers: Display: Worker (3/5): shaders left to compile 7
[2020.01.31-21.59.38:289][748]LogShaderCompilers: Display: Worker (4/5): shaders left to compile 2
[2020.01.31-21.59.38:290][748]LogAssetEditorSubsystem: Opening Asset editor for World /Game/GameJamKit/Maps/MainMenu.MainMenu
[2020.01.31-21.59.38:325][748]LogUObjectHash: Compacting FUObjectHashTables data took   3.11ms
[2020.01.31-21.59.38:334][748]Cmd: MAP LOAD FILE="D:/GGJ2020/BUAS-Houdini-Powerhouse-GGJ2020/Unreal/BumperCars/Content/GameJamKit/Maps/MainMenu.umap" TEMPLATE=0 SHOWPROGRESS=1 FEATURELEVEL=3
[2020.01.31-21.59.38:337][748]LightingResults: New page: Lighting Build
[2020.01.31-21.59.38:339][748]LoadErrors: New page: Loading map: MainMenu.umap
[2020.01.31-21.59.38:340][748]LogWorld: UWorld::CleanupWorld for Untitled_1, bSessionEnded=true, bCleanupResources=true
[2020.01.31-21.59.38:340][748]LogSlate: InvalidateAllWidgets triggered.  All widgets were invalidated
[2020.01.31-21.59.38:341][748]MapCheck: New page: Map Check
[2020.01.31-21.59.38:341][748]LightingResults: New page: Lighting Build
[2020.01.31-21.59.38:374][748]LogUObjectHash: Compacting FUObjectHashTables data took   2.07ms
[2020.01.31-21.59.38:542][748]LogEditorServer: Finished looking for orphan Actors (0.000 secs)
[2020.01.31-21.59.38:586][748]LogUObjectHash: Compacting FUObjectHashTables data took   3.60ms
[2020.01.31-21.59.38:608][748]Cmd: MAP CHECKDEP NOCLEARLOG
[2020.01.31-21.59.38:608][748]MapCheck: Map check complete: 0 Error(s), 0 Warning(s), took 0.1ms to complete.
[2020.01.31-21.59.38:608][748]LogFileHelpers: Loading map 'MainMenu' took 0.277
[2020.01.31-21.59.42:186][924]LogAIModule: Creating AISystem for world Level01
[2020.01.31-21.59.42:188][924]LogAssetEditorSubsystem: Opening Asset editor for World /Game/GameJamKit/Maps/Level01.Level01
[2020.01.31-21.59.42:222][924]LogUObjectHash: Compacting FUObjectHashTables data took   0.83ms
[2020.01.31-21.59.42:224][924]Cmd: MAP LOAD FILE="D:/GGJ2020/BUAS-Houdini-Powerhouse-GGJ2020/Unreal/BumperCars/Content/GameJamKit/Maps/Level01.umap" TEMPLATE=0 SHOWPROGRESS=1 FEATURELEVEL=3
[2020.01.31-21.59.42:224][924]LightingResults: New page: Lighting Build
[2020.01.31-21.59.42:225][924]LoadErrors: New page: Loading map: Level01.umap
[2020.01.31-21.59.42:225][924]LogWorld: UWorld::CleanupWorld for MainMenu, bSessionEnded=true, bCleanupResources=true
[2020.01.31-21.59.42:225][924]LogSlate: InvalidateAllWidgets triggered.  All widgets were invalidated
[2020.01.31-21.59.42:225][924]MapCheck: New page: Map Check
[2020.01.31-21.59.42:226][924]LightingResults: New page: Lighting Build
[2020.01.31-21.59.42:262][924]LogUObjectHash: Compacting FUObjectHashTables data took   2.28ms
[2020.01.31-21.59.42:405][924]LogEditorServer: Finished looking for orphan Actors (0.000 secs)
[2020.01.31-21.59.42:441][924]LogUObjectHash: Compacting FUObjectHashTables data took   1.79ms
[2020.01.31-21.59.42:452][924]Cmd: MAP CHECKDEP NOCLEARLOG
[2020.01.31-21.59.42:452][924]MapCheck: Map check complete: 0 Error(s), 0 Warning(s), took 0.078ms to complete.
[2020.01.31-21.59.42:452][924]LogFileHelpers: Loading map 'Level01' took 0.229
[2020.01.31-22.05.27:309][ 50]LogContentBrowser: Native class hierarchy updated for 'WorldBrowser' in 0.0004 seconds. Added 2 classes and 3 folders.
[2020.01.31-22.07.14:321][279]LogSlate: Window 'Open Level' being destroyed
[2020.01.31-22.08.57:817][373]Cmd: SELECT NONE
[2020.01.31-22.08.59:709][484]LogObjectTools: Deleting 1 worlds: /Game/GameJamKit/Maps/Programming.Programming
[2020.01.31-22.08.59:709][484]LogObjectTools: Currently 2 active worlds: /Game/GameJamKit/Maps/Level01.Level01, /Game/GameJamKit/Maps/Programming.Programming
[2020.01.31-22.09.01:980][484]LogSlate: Window 'Unable to delete level' being destroyed
[2020.01.31-22.09.18:438][303]LogSlate: Window 'Remove Level' being destroyed
[2020.01.31-22.09.18:490][303]LogWorld: UWorld::CleanupWorld for Programming, bSessionEnded=true, bCleanupResources=true
[2020.01.31-22.09.18:490][303]LogSlate: InvalidateAllWidgets triggered.  All widgets were invalidated
[2020.01.31-22.09.18:566][303]LogUObjectHash: Compacting FUObjectHashTables data took   2.32ms
[2020.01.31-22.09.18:617][303]LogUObjectHash: Compacting FUObjectHashTables data took   0.90ms
[2020.01.31-22.09.18:618][303]MapCheck: New page: Map Check
[2020.01.31-22.09.18:618][303]LightingResults: New page: Lighting Build
[2020.01.31-22.09.18:651][303]LogUObjectHash: Compacting FUObjectHashTables data took   0.89ms
[2020.01.31-22.09.18:685][303]LogUObjectHash: Compacting FUObjectHashTables data took   0.91ms
[2020.01.31-22.09.20:035][379]LogSlate: Window 'Levels' being destroyed
[2020.01.31-22.09.20:060][379]LogSlate: Window 'Levels' being destroyed
[2020.01.31-22.09.21:562][467]LogLinker: Warning: Failed to load '/Game/GameJamKit/Maps/Programming': Can't find file.
[2020.01.31-22.09.21:563][467]LogLinker: Warning: Failed to load '/Game/GameJamKit/Maps/Programming': Can't find file.
[2020.01.31-22.09.21:563][467]LogUObjectGlobals: Warning: Failed to find object 'Object /Game/GameJamKit/Maps/Programming.Programming'
[2020.01.31-22.10.17:896][954]LogUObjectHash: Compacting FUObjectHashTables data took   3.38ms
[2020.01.31-22.10.19:642][954]LogSavePackage: Moving 'D:/GGJ2020/BUAS-Houdini-Powerhouse-GGJ2020/Unreal/BumperCars/Saved/Level01_Auto19E914A3746FD384F38FE44A3D5226084.tmp' to 'D:/GGJ2020/BUAS-Houdini-Powerhouse-GGJ2020/Unreal/BumperCars/Saved/Autosaves/Game/GameJamKit/Maps/Level01_Auto1.umap'
[2020.01.31-22.10.19:644][954]LogFileHelpers: Editor autosave (incl. sublevels) for '/Game/GameJamKit/Maps/Level01' took 1.784
[2020.01.31-22.10.19:644][954]LogFileHelpers: Editor autosave (incl. sublevels) for all levels took 1.784
[2020.01.31-22.10.57:786][ 42]LogAudioMixer: Warning: Changing default audio render device to new device: {0.0.0.00000000}.{0b23db54-4753-425a-96aa-760500a60693}.
[2020.01.31-22.10.57:865][ 42]LogTemp: Resetting audio stream to device id 
[2020.01.31-22.10.57:952][ 42]LogAudioMixer: Display: Audio Device Output Speaker Info:
[2020.01.31-22.10.57:953][ 42]LogAudioMixer: Display: Name: Speakers (Realtek High Definition Audio)
[2020.01.31-22.10.57:953][ 42]LogAudioMixer: Display: Is Default: Yes
[2020.01.31-22.10.57:953][ 42]LogAudioMixer: Display: Sample Rate: 48000
[2020.01.31-22.10.57:953][ 42]LogAudioMixer: Display: Channel Count Used: 2
[2020.01.31-22.10.57:953][ 42]LogAudioMixer: Display: Device Channel Count: 2
[2020.01.31-22.10.57:953][ 42]LogAudioMixer: Display: Channel Order:
[2020.01.31-22.10.57:953][ 42]LogAudioMixer: Display: 0: FrontLeft
[2020.01.31-22.10.57:953][ 42]LogAudioMixer: Display: 1: FrontRight
[2020.01.31-22.11.23:741][497]LogAudioMixer: Warning: Changing default audio render device to new device: {0.0.0.00000000}.{2fa01aa2-6405-44db-b0b0-36fe091d01bd}.
[2020.01.31-22.11.23:741][497]LogTemp: Resetting audio stream to device id 
[2020.01.31-22.11.23:990][497]LogAudioMixer: Display: Audio Device Output Speaker Info:
[2020.01.31-22.11.23:990][497]LogAudioMixer: Display: Name: ZOWIE XL LCD (Intel(R) Display Audio)
[2020.01.31-22.11.23:990][497]LogAudioMixer: Display: Is Default: Yes
[2020.01.31-22.11.23:990][497]LogAudioMixer: Display: Sample Rate: 48000
[2020.01.31-22.11.23:990][497]LogAudioMixer: Display: Channel Count Used: 2
[2020.01.31-22.11.23:990][497]LogAudioMixer: Display: Device Channel Count: 2
[2020.01.31-22.11.23:990][497]LogAudioMixer: Display: Channel Order:
[2020.01.31-22.11.23:990][497]LogAudioMixer: Display: 0: FrontLeft
[2020.01.31-22.11.23:990][497]LogAudioMixer: Display: 1: FrontRight
[2020.01.31-22.11.34:827][ 10]LogRenderer: Reallocating scene render targets to support 1060x636 Format 10 NumSamples 1 (Frame:17491).
[2020.01.31-22.12.09:174][810]LogUObjectHash: Compacting FUObjectHashTables data took   0.98ms
[2020.01.31-22.12.09:182][810]LogSavePackage: Moving 'D:/GGJ2020/BUAS-Houdini-Powerhouse-GGJ2020/Unreal/BumperCars/Saved/Stan9448FD764479C65054FA60A7A7D16CBB.tmp' to 'D:/GGJ2020/BUAS-Houdini-Powerhouse-GGJ2020/Unreal/BumperCars/Content/GameJamKit/Maps/UserMaps/Stan.umap'
[2020.01.31-22.12.09:184][810]LogFileHelpers: Saving map 'Stan' took 0.042
[2020.01.31-22.12.09:368][810]LogUObjectHash: Compacting FUObjectHashTables data took   0.88ms
[2020.01.31-22.12.09:414][810]LogUObjectHash: Compacting FUObjectHashTables data took   1.29ms
[2020.01.31-22.12.09:446][810]LogUObjectHash: Compacting FUObjectHashTables data took   0.83ms
[2020.01.31-22.12.09:472][810]AssetCheck: New page: Asset Save: Stan
[2020.01.31-22.12.09:472][810]LogContentValidation: Display: Validating World /Game/GameJamKit/Maps/UserMaps/Stan.Stan
[2020.01.31-22.12.36:786][243]LogUObjectHash: Compacting FUObjectHashTables data took   2.22ms
[2020.01.31-22.12.36:792][243]LogSavePackage: Moving 'D:/GGJ2020/BUAS-Houdini-Powerhouse-GGJ2020/Unreal/BumperCars/Saved/Maarten1DCBB53846CB5C0035652BB06382A128.tmp' to 'D:/GGJ2020/BUAS-Houdini-Powerhouse-GGJ2020/Unreal/BumperCars/Content/GameJamKit/Maps/UserMaps/Maarten.umap'
[2020.01.31-22.12.36:794][243]LogFileHelpers: Saving map 'Maarten' took 0.045
[2020.01.31-22.12.36:967][243]LogUObjectHash: Compacting FUObjectHashTables data took   0.88ms
[2020.01.31-22.12.37:013][243]LogUObjectHash: Compacting FUObjectHashTables data took   2.07ms
[2020.01.31-22.12.37:044][243]LogUObjectHash: Compacting FUObjectHashTables data took   0.88ms
[2020.01.31-22.12.37:071][243]AssetCheck: New page: Asset Save: Maarten
[2020.01.31-22.12.37:071][243]LogContentValidation: Display: Validating World /Game/GameJamKit/Maps/UserMaps/Maarten.Maarten
[2020.01.31-22.12.43:463][609]LogUObjectHash: Compacting FUObjectHashTables data took   0.90ms
[2020.01.31-22.12.43:470][609]LogSavePackage: Moving 'D:/GGJ2020/BUAS-Houdini-Powerhouse-GGJ2020/Unreal/BumperCars/Saved/RaymiEC67DC7D4F46731BA0D7299E4B8A4431.tmp' to 'D:/GGJ2020/BUAS-Houdini-Powerhouse-GGJ2020/Unreal/BumperCars/Content/GameJamKit/Maps/UserMaps/Raymi.umap'
[2020.01.31-22.12.43:472][609]LogFileHelpers: Saving map 'Raymi' took 0.043
[2020.01.31-22.12.43:660][609]LogUObjectHash: Compacting FUObjectHashTables data took   0.94ms
[2020.01.31-22.12.43:703][609]LogUObjectHash: Compacting FUObjectHashTables data took   1.34ms
[2020.01.31-22.12.43:736][609]LogUObjectHash: Compacting FUObjectHashTables data took   0.90ms
[2020.01.31-22.12.43:762][609]AssetCheck: New page: Asset Save: Raymi
[2020.01.31-22.12.43:762][609]LogContentValidation: Display: Validating World /Game/GameJamKit/Maps/UserMaps/Raymi.Raymi
[2020.01.31-22.12.48:909][904]LogUObjectHash: Compacting FUObjectHashTables data took   0.96ms
[2020.01.31-22.12.48:951][904]LogSavePackage: Moving 'D:/GGJ2020/BUAS-Houdini-Powerhouse-GGJ2020/Unreal/BumperCars/Saved/Rodi79921B5E4CEA9724E3A7C49F6A3DEB12.tmp' to 'D:/GGJ2020/BUAS-Houdini-Powerhouse-GGJ2020/Unreal/BumperCars/Content/GameJamKit/Maps/UserMaps/Rodi.umap'
[2020.01.31-22.12.48:953][904]LogFileHelpers: Saving map 'Rodi' took 0.076
[2020.01.31-22.12.49:119][904]LogUObjectHash: Compacting FUObjectHashTables data took   0.95ms
[2020.01.31-22.12.49:164][904]LogUObjectHash: Compacting FUObjectHashTables data took   1.34ms
[2020.01.31-22.12.49:196][904]LogUObjectHash: Compacting FUObjectHashTables data took   0.90ms
[2020.01.31-22.12.49:221][904]AssetCheck: New page: Asset Save: Rodi
[2020.01.31-22.12.49:221][904]LogContentValidation: Display: Validating World /Game/GameJamKit/Maps/UserMaps/Rodi.Rodi
[2020.01.31-22.13.14:173][325]LogUObjectHash: Compacting FUObjectHashTables data took   0.88ms
[2020.01.31-22.13.14:177][325]LogSavePackage: Moving 'D:/GGJ2020/BUAS-Houdini-Powerhouse-GGJ2020/Unreal/BumperCars/Saved/Feike1B2B92C44DCAA9D430B3D4A5FFCD6AC0.tmp' to 'D:/GGJ2020/BUAS-Houdini-Powerhouse-GGJ2020/Unreal/BumperCars/Content/GameJamKit/Maps/UserMaps/Feike.umap'
[2020.01.31-22.13.14:179][325]LogFileHelpers: Saving map 'Feike' took 0.043
[2020.01.31-22.13.14:363][325]LogUObjectHash: Compacting FUObjectHashTables data took   0.91ms
[2020.01.31-22.13.14:408][325]LogUObjectHash: Compacting FUObjectHashTables data took   1.35ms
[2020.01.31-22.13.14:449][325]LogUObjectHash: Compacting FUObjectHashTables data took   0.88ms
[2020.01.31-22.13.14:485][325]AssetCheck: New page: Asset Save: Feike
[2020.01.31-22.13.14:485][325]LogContentValidation: Display: Validating World /Game/GameJamKit/Maps/UserMaps/Feike.Feike
[2020.01.31-22.13.18:632][560]LogUObjectHash: Compacting FUObjectHashTables data took   0.95ms
[2020.01.31-22.13.18:637][560]LogSavePackage: Moving 'D:/GGJ2020/BUAS-Houdini-Powerhouse-GGJ2020/Unreal/BumperCars/Saved/Luc0C64E42F4B5BC2B6BC8169817CF414B6.tmp' to 'D:/GGJ2020/BUAS-Houdini-Powerhouse-GGJ2020/Unreal/BumperCars/Content/GameJamKit/Maps/UserMaps/Luc.umap'
[2020.01.31-22.13.18:639][560]LogFileHelpers: Saving map 'Luc' took 0.040
[2020.01.31-22.13.18:827][560]LogUObjectHash: Compacting FUObjectHashTables data took   0.98ms
[2020.01.31-22.13.18:868][560]LogUObjectHash: Compacting FUObjectHashTables data took   1.30ms
[2020.01.31-22.13.18:902][560]LogUObjectHash: Compacting FUObjectHashTables data took   0.88ms
[2020.01.31-22.13.18:932][560]AssetCheck: New page: Asset Save: Luc
[2020.01.31-22.13.18:933][560]LogContentValidation: Display: Validating World /Game/GameJamKit/Maps/UserMaps/Luc.Luc
[2020.01.31-22.13.27:378][ 32]LogUObjectHash: Compacting FUObjectHashTables data took   3.08ms
[2020.01.31-22.13.27:389][ 32]LogSavePackage: Moving 'D:/GGJ2020/BUAS-Houdini-Powerhouse-GGJ2020/Unreal/BumperCars/Saved/RobertD53FA17B40E97D8E0C9E608124F01DA5.tmp' to 'D:/GGJ2020/BUAS-Houdini-Powerhouse-GGJ2020/Unreal/BumperCars/Content/GameJamKit/Maps/UserMaps/Robert.umap'
[2020.01.31-22.13.27:392][ 32]LogFileHelpers: Saving map 'Robert' took 0.061
[2020.01.31-22.13.27:659][ 32]LogUObjectHash: Compacting FUObjectHashTables data took   1.46ms
[2020.01.31-22.13.27:719][ 32]LogUObjectHash: Compacting FUObjectHashTables data took   1.90ms
[2020.01.31-22.13.27:758][ 32]LogUObjectHash: Compacting FUObjectHashTables data took   0.98ms
[2020.01.31-22.13.27:796][ 32]AssetCheck: New page: Asset Save: Robert
[2020.01.31-22.13.27:796][ 32]LogContentValidation: Display: Validating World /Game/GameJamKit/Maps/UserMaps/Robert.Robert
[2020.01.31-22.13.32:676][307]LogUObjectHash: Compacting FUObjectHashTables data took   2.64ms
[2020.01.31-22.13.32:683][307]LogSavePackage: Moving 'D:/GGJ2020/BUAS-Houdini-Powerhouse-GGJ2020/Unreal/BumperCars/Saved/Jonne785D5DEA41FD8A7585A00D8D25A91CD3.tmp' to 'D:/GGJ2020/BUAS-Houdini-Powerhouse-GGJ2020/Unreal/BumperCars/Content/GameJamKit/Maps/UserMaps/Jonne.umap'
[2020.01.31-22.13.32:685][307]LogFileHelpers: Saving map 'Jonne' took 0.040
[2020.01.31-22.13.32:870][307]LogUObjectHash: Compacting FUObjectHashTables data took   0.96ms
[2020.01.31-22.13.32:912][307]LogUObjectHash: Compacting FUObjectHashTables data took   1.52ms
[2020.01.31-22.13.32:944][307]LogUObjectHash: Compacting FUObjectHashTables data took   0.89ms
[2020.01.31-22.13.32:969][307]AssetCheck: New page: Asset Save: Jonne
[2020.01.31-22.13.32:969][307]LogContentValidation: Display: Validating World /Game/GameJamKit/Maps/UserMaps/Jonne.Jonne
[2020.01.31-22.13.51:573][399]LogUObjectHash: Compacting FUObjectHashTables data took   1.08ms
[2020.01.31-22.13.51:580][399]LogSavePackage: Moving 'D:/GGJ2020/BUAS-Houdini-Powerhouse-GGJ2020/Unreal/BumperCars/Saved/Freek2744E75645442512207D6E80D90B9825.tmp' to 'D:/GGJ2020/BUAS-Houdini-Powerhouse-GGJ2020/Unreal/BumperCars/Content/GameJamKit/Maps/UserMaps/Freek.umap'
[2020.01.31-22.13.51:582][399]LogFileHelpers: Saving map 'Freek' took 0.045
[2020.01.31-22.13.51:782][399]LogUObjectHash: Compacting FUObjectHashTables data took   0.94ms
[2020.01.31-22.13.51:831][399]LogUObjectHash: Compacting FUObjectHashTables data took   1.38ms
[2020.01.31-22.13.51:865][399]LogUObjectHash: Compacting FUObjectHashTables data took   0.93ms
[2020.01.31-22.13.51:891][399]AssetCheck: New page: Asset Save: Freek
[2020.01.31-22.13.51:891][399]LogContentValidation: Display: Validating World /Game/GameJamKit/Maps/UserMaps/Freek.Freek
[2020.01.31-22.14.04:158][111]LogUObjectHash: Compacting FUObjectHashTables data took   0.95ms
[2020.01.31-22.14.04:164][111]LogSavePackage: Moving 'D:/GGJ2020/BUAS-Houdini-Powerhouse-GGJ2020/Unreal/BumperCars/Saved/Ivo062EB8844EF243645BEF2FB97E044999.tmp' to 'D:/GGJ2020/BUAS-Houdini-Powerhouse-GGJ2020/Unreal/BumperCars/Content/GameJamKit/Maps/UserMaps/Ivo.umap'
[2020.01.31-22.14.04:166][111]LogFileHelpers: Saving map 'Ivo' took 0.047
[2020.01.31-22.14.04:379][111]LogUObjectHash: Compacting FUObjectHashTables data took   0.90ms
[2020.01.31-22.14.04:426][111]LogUObjectHash: Compacting FUObjectHashTables data took   1.35ms
[2020.01.31-22.14.04:460][111]LogUObjectHash: Compacting FUObjectHashTables data took   0.94ms
[2020.01.31-22.14.04:491][111]AssetCheck: New page: Asset Save: Ivo
[2020.01.31-22.14.04:491][111]LogContentValidation: Display: Validating World /Game/GameJamKit/Maps/UserMaps/Ivo.Ivo
[2020.01.31-22.14.29:795][571]LogUObjectHash: Compacting FUObjectHashTables data took   2.10ms
[2020.01.31-22.14.30:687][571]LogSavePackage: Moving 'D:/GGJ2020/BUAS-Houdini-Powerhouse-GGJ2020/Unreal/BumperCars/Saved/IdsA7585F08464FDC302008848A7BEE716F.tmp' to 'D:/GGJ2020/BUAS-Houdini-Powerhouse-GGJ2020/Unreal/BumperCars/Content/GameJamKit/Maps/UserMaps/Ids.umap'
[2020.01.31-22.14.30:688][571]LogFileHelpers: Saving map 'Ids' took 0.930
[2020.01.31-22.14.30:946][571]LogUObjectHash: Compacting FUObjectHashTables data took   1.75ms
[2020.01.31-22.14.30:997][571]LogUObjectHash: Compacting FUObjectHashTables data took   2.16ms
[2020.01.31-22.14.31:030][571]LogUObjectHash: Compacting FUObjectHashTables data took   0.96ms
[2020.01.31-22.14.31:060][571]AssetCheck: New page: Asset Save: Ids
[2020.01.31-22.14.31:060][571]LogContentValidation: Display: Validating World /Game/GameJamKit/Maps/UserMaps/Ids.Ids
[2020.01.31-22.14.48:368][581]LogUObjectHash: Compacting FUObjectHashTables data took   0.92ms
[2020.01.31-22.14.48:373][581]LogSavePackage: Moving 'D:/GGJ2020/BUAS-Houdini-Powerhouse-GGJ2020/Unreal/BumperCars/Saved/Roy3C81728142E85E15CDED42AF078D4815.tmp' to 'D:/GGJ2020/BUAS-Houdini-Powerhouse-GGJ2020/Unreal/BumperCars/Content/GameJamKit/Maps/UserMaps/Roy.umap'
[2020.01.31-22.14.48:375][581]LogFileHelpers: Saving map 'Roy' took 0.040
[2020.01.31-22.14.48:565][581]LogUObjectHash: Compacting FUObjectHashTables data took   0.92ms
[2020.01.31-22.14.48:612][581]LogUObjectHash: Compacting FUObjectHashTables data took   1.38ms
[2020.01.31-22.14.48:646][581]LogUObjectHash: Compacting FUObjectHashTables data took   0.92ms
[2020.01.31-22.14.49:732][581]AssetCheck: New page: Asset Save: Roy
[2020.01.31-22.14.49:733][581]LogContentValidation: Display: Validating World /Game/GameJamKit/Maps/UserMaps/Roy.Roy
[2020.01.31-22.14.59:029][116]LogUObjectHash: Compacting FUObjectHashTables data took   0.95ms
[2020.01.31-22.14.59:035][116]LogSavePackage: Moving 'D:/GGJ2020/BUAS-Houdini-Powerhouse-GGJ2020/Unreal/BumperCars/Saved/Lizzy616FBCC8430D17C39A9F1580EF4D23A6.tmp' to 'D:/GGJ2020/BUAS-Houdini-Powerhouse-GGJ2020/Unreal/BumperCars/Content/GameJamKit/Maps/UserMaps/Lizzy.umap'
[2020.01.31-22.14.59:036][116]LogFileHelpers: Saving map 'Lizzy' took 0.040
[2020.01.31-22.14.59:209][116]LogUObjectHash: Compacting FUObjectHashTables data took   0.96ms
[2020.01.31-22.14.59:256][116]LogUObjectHash: Compacting FUObjectHashTables data took   1.32ms
[2020.01.31-22.14.59:293][116]LogUObjectHash: Compacting FUObjectHashTables data took   0.91ms
[2020.01.31-22.14.59:322][116]AssetCheck: New page: Asset Save: Lizzy
[2020.01.31-22.14.59:323][116]LogContentValidation: Display: Validating World /Game/GameJamKit/Maps/UserMaps/Lizzy.Lizzy
[2020.01.31-22.15.21:296][411]LogObjectTools: Deleting 1 worlds: /Game/GameJamKit/Maps/UserMaps/NewWorld6.NewWorld6
[2020.01.31-22.15.21:297][411]LogObjectTools: Currently 1 active worlds: /Game/GameJamKit/Maps/Level01.Level01
[2020.01.31-22.15.21:338][411]LogUObjectHash: Compacting FUObjectHashTables data took   0.98ms
[2020.01.31-22.15.23:667][411]LogSlate: Window 'Delete Assets' being destroyed
[2020.01.31-22.15.23:707][411]LogWorld: UWorld::CleanupWorld for NewWorld6, bSessionEnded=true, bCleanupResources=true
[2020.01.31-22.15.23:707][411]LogSlate: InvalidateAllWidgets triggered.  All widgets were invalidated
[2020.01.31-22.15.23:824][411]LogUObjectHash: Compacting FUObjectHashTables data took   2.47ms
[2020.01.31-22.17.03:588][ 22]LogUObjectHash: Compacting FUObjectHashTables data took   0.80ms
[2020.01.31-22.17.03:598][ 22]LogSavePackage: Moving 'D:/GGJ2020/BUAS-Houdini-Powerhouse-GGJ2020/Unreal/BumperCars/Saved/Level01112AAA8641C624D1D932D4ABBD00C629.tmp' to 'D:/GGJ2020/BUAS-Houdini-Powerhouse-GGJ2020/Unreal/BumperCars/Content/GameJamKit/Maps/Level01.umap'
[2020.01.31-22.17.03:622][ 22]AssetCheck: New page: Asset Save: Level01
[2020.01.31-22.17.03:622][ 22]LogContentValidation: Display: Validating World /Game/GameJamKit/Maps/Level01.Level01
[2020.01.31-22.17.04:588][ 72]LogUObjectHash: Compacting FUObjectHashTables data took   0.84ms
[2020.01.31-22.17.04:592][ 72]LogSavePackage: Moving 'D:/GGJ2020/BUAS-Houdini-Powerhouse-GGJ2020/Unreal/BumperCars/Saved/Level014EE362644C903E1DF1917E958CB5BC3C.tmp' to 'D:/GGJ2020/BUAS-Houdini-Powerhouse-GGJ2020/Unreal/BumperCars/Content/GameJamKit/Maps/Level01.umap'
[2020.01.31-22.17.04:618][ 72]AssetCheck: New page: Asset Save: Level01
[2020.01.31-22.17.04:618][ 72]LogContentValidation: Display: Validating World /Game/GameJamKit/Maps/Level01.Level01
